Using pre-set license
Built from '2022.3/release' branch; Version is '2022.3.20f1 (61c2feb0970d) revision 6406910'; Using compiler version '192829333'; Build Type 'Release'
OS: 'Windows 11  (10.0.22631) 64bit Core' Language: 'en' Physical Memory: 7818 MB
BatchMode: 1, IsHumanControllingUs: 0, StartBugReporterOnCrash: 0, Is64bit: 1, IsPro: 1

COMMAND LINE ARGUMENTS:
C:\Program Files\Unity\Hub\Editor\2022.3.20f1\Editor\Unity.exe
-adb2
-batchMode
-noUpm
-name
AssetImportWorker1
-projectPath
C:/Users/user/OneDrive/Lovesick-Demos
-logFile
Logs/AssetImportWorker1.log
-srvPort
61998
Successfully changed project path to: C:/Users/user/OneDrive/Lovesick-Demos
C:/Users/user/OneDrive/Lovesick-Demos
[UnityMemory] Configuration Parameters - Can be set up in boot.config
    "memorysetup-bucket-allocator-granularity=16"
    "memorysetup-bucket-allocator-bucket-count=8"
    "memorysetup-bucket-allocator-block-size=33554432"
    "memorysetup-bucket-allocator-block-count=8"
    "memorysetup-main-allocator-block-size=16777216"
    "memorysetup-thread-allocator-block-size=16777216"
    "memorysetup-gfx-main-allocator-block-size=16777216"
    "memorysetup-gfx-thread-allocator-block-size=16777216"
    "memorysetup-cache-allocator-block-size=4194304"
    "memorysetup-typetree-allocator-block-size=2097152"
    "memorysetup-profiler-bucket-allocator-granularity=16"
    "memorysetup-profiler-bucket-allocator-bucket-count=8"
    "memorysetup-profiler-bucket-allocator-block-size=33554432"
    "memorysetup-profiler-bucket-allocator-block-count=8"
    "memorysetup-profiler-allocator-block-size=16777216"
    "memorysetup-profiler-editor-allocator-block-size=1048576"
    "memorysetup-temp-allocator-size-main=16777216"
    "memorysetup-job-temp-allocator-block-size=2097152"
    "memorysetup-job-temp-allocator-block-size-background=1048576"
    "memorysetup-job-temp-allocator-reduction-small-platforms=262144"
    "memorysetup-allocator-temp-initial-block-size-main=262144"
    "memorysetup-allocator-temp-initial-block-size-worker=262144"
    "memorysetup-temp-allocator-size-background-worker=32768"
    "memorysetup-temp-allocator-size-job-worker=262144"
    "memorysetup-temp-allocator-size-preload-manager=33554432"
    "memorysetup-temp-allocator-size-nav-mesh-worker=65536"
    "memorysetup-temp-allocator-size-audio-worker=65536"
    "memorysetup-temp-allocator-size-cloud-worker=32768"
    "memorysetup-temp-allocator-size-gi-baking-worker=262144"
    "memorysetup-temp-allocator-size-gfx=262144"
Player connection [28400] Host "[IP] 192.168.1.199 [Port] 0 [Flags] 2 [Guid] 3774005083 [EditorId] 3774005083 [Version] 1048832 [Id] WindowsEditor(7,DESKTOP-3G5QOPG) [Debug] 1 [PackageName] WindowsEditor [ProjectName] Editor" joined multi-casting on [225.0.0.222:54997]...

Player connection [28400] Host "[IP] 192.168.1.199 [Port] 0 [Flags] 2 [Guid] 3774005083 [EditorId] 3774005083 [Version] 1048832 [Id] WindowsEditor(7,DESKTOP-3G5QOPG) [Debug] 1 [PackageName] WindowsEditor [ProjectName] Editor" joined alternative multi-casting on [225.0.0.222:34997]...

[Physics::Module] Initialized MultithreadedJobDispatcher with 15 workers.
Refreshing native plugins compatible for Editor in 284.37 ms, found 3 plugins.
Preloading 0 native plugins for Editor in 0.00 ms.
Initialize engine version: 2022.3.20f1 (61c2feb0970d)
[Subsystems] Discovering subsystems at path C:/Program Files/Unity/Hub/Editor/2022.3.20f1/Editor/Data/Resources/UnitySubsystems
[Subsystems] Discovering subsystems at path C:/Users/user/OneDrive/Lovesick-Demos/Assets
GfxDevice: creating device client; threaded=0; jobified=0
Direct3D:
    Version:  Direct3D 11.0 [level 11.1]
    Renderer: Intel(R) Iris(R) Xe Graphics (ID=0x46a6)
    Vendor:   Intel
    VRAM:     3909 MB
    Driver:   31.0.101.3616
Initialize mono
Mono path[0] = 'C:/Program Files/Unity/Hub/Editor/2022.3.20f1/Editor/Data/Managed'
Mono path[1] = 'C:/Program Files/Unity/Hub/Editor/2022.3.20f1/Editor/Data/MonoBleedingEdge/lib/mono/unityjit-win32'
Mono config path = 'C:/Program Files/Unity/Hub/Editor/2022.3.20f1/Editor/Data/MonoBleedingEdge/etc'
Using monoOptions --debugger-agent=transport=dt_socket,embedding=1,server=y,suspend=n,address=127.0.0.1:56700
Begin MonoManager ReloadAssembly
Registering precompiled unity dll's ...
Register platform support module: C:/Program Files/Unity/Hub/Editor/2022.3.20f1/Editor/Data/PlaybackEngines/WebGLSupport/UnityEditor.WebGL.Extensions.dll
Register platform support module: C:/Program Files/Unity/Hub/Editor/2022.3.20f1/Editor/Data/PlaybackEngines/WindowsStandaloneSupport/UnityEditor.WindowsStandalone.Extensions.dll
Registered in 0.012887 seconds.
- Loaded All Assemblies, in  0.678 seconds
Native extension for WindowsStandalone target not found
Native extension for WebGL target not found
Mono: successfully reloaded assembly
- Finished resetting the current domain, in  0.489 seconds
Domain Reload Profiling: 1165ms
	BeginReloadAssembly (185ms)
		ExecutionOrderSort (0ms)
		DisableScriptedObjects (0ms)
		BackupInstance (0ms)
		ReleaseScriptingObjects (0ms)
		CreateAndSetChildDomain (1ms)
	RebuildCommonClasses (51ms)
	RebuildNativeTypeToScriptingClass (14ms)
	initialDomainReloadingComplete (109ms)
	LoadAllAssembliesAndSetupDomain (316ms)
		LoadAssemblies (179ms)
		RebuildTransferFunctionScriptingTraits (0ms)
		AnalyzeDomain (312ms)
			TypeCache.Refresh (310ms)
				TypeCache.ScanAssembly (277ms)
			ScanForSourceGeneratedMonoScriptInfo (1ms)
			ResolveRequiredComponents (1ms)
	FinalizeReload (490ms)
		ReleaseScriptCaches (0ms)
		RebuildScriptCaches (0ms)
		SetupLoadedEditorAssemblies (388ms)
			LogAssemblyErrors (0ms)
			InitializePlatformSupportModulesInManaged (19ms)
			SetLoadedEditorAssemblies (10ms)
			RefreshPlugins (0ms)
			BeforeProcessingInitializeOnLoad (4ms)
			ProcessInitializeOnLoadAttributes (256ms)
			ProcessInitializeOnLoadMethodAttributes (98ms)
			AfterProcessingInitializeOnLoad (0ms)
			EditorAssembliesLoaded (0ms)
		ExecutionOrderSort2 (0ms)
		AwakeInstancesAfterBackupRestoration (0ms)
========================================================================
Worker process is ready to serve import requests
Begin MonoManager ReloadAssembly
- Loaded All Assemblies, in  1.180 seconds
Refreshing native plugins compatible for Editor in 4.99 ms, found 3 plugins.
Native extension for WindowsStandalone target not found
Native extension for WebGL target not found
Package Manager log level set to [2]
[Package Manager] Server::EnsureServerProcessIsRunning -- launch failed, reason: Unity was launched with the -noUpm command-line argument
[Package Manager] UpmClient::Send -- Unable to send message (not connected to UPM process).
[Package Manager] Cannot connect to Unity Package Manager local server
Mono: successfully reloaded assembly
- Finished resetting the current domain, in  1.316 seconds
Domain Reload Profiling: 2490ms
	BeginReloadAssembly (248ms)
		ExecutionOrderSort (0ms)
		DisableScriptedObjects (9ms)
		BackupInstance (0ms)
		ReleaseScriptingObjects (0ms)
		CreateAndSetChildDomain (29ms)
	RebuildCommonClasses (44ms)
	RebuildNativeTypeToScriptingClass (13ms)
	initialDomainReloadingComplete (63ms)
	LoadAllAssembliesAndSetupDomain (804ms)
		LoadAssemblies (630ms)
		RebuildTransferFunctionScriptingTraits (0ms)
		AnalyzeDomain (330ms)
			TypeCache.Refresh (286ms)
				TypeCache.ScanAssembly (260ms)
			ScanForSourceGeneratedMonoScriptInfo (32ms)
			ResolveRequiredComponents (9ms)
	FinalizeReload (1318ms)
		ReleaseScriptCaches (0ms)
		RebuildScriptCaches (0ms)
		SetupLoadedEditorAssemblies (992ms)
			LogAssemblyErrors (0ms)
			InitializePlatformSupportModulesInManaged (15ms)
			SetLoadedEditorAssemblies (8ms)
			RefreshPlugins (0ms)
			BeforeProcessingInitializeOnLoad (115ms)
			ProcessInitializeOnLoadAttributes (794ms)
			ProcessInitializeOnLoadMethodAttributes (45ms)
			AfterProcessingInitializeOnLoad (14ms)
			EditorAssembliesLoaded (0ms)
		ExecutionOrderSort2 (0ms)
		AwakeInstancesAfterBackupRestoration (15ms)
Launched and connected shader compiler UnityShaderCompiler.exe after 0.13 seconds
Refreshing native plugins compatible for Editor in 6.16 ms, found 3 plugins.
Preloading 0 native plugins for Editor in 0.00 ms.
Unloading 3846 Unused Serialized files (Serialized files now loaded: 0)
Unloading 63 unused Assets / (1.9 MB). Loaded Objects now: 4295.
Memory consumption went from 163.3 MB to 161.4 MB.
Total: 22.155700 ms (FindLiveObjects: 1.353300 ms CreateObjectMapping: 0.712500 ms MarkObjects: 18.577800 ms  DeleteObjects: 1.510100 ms)

AssetImportParameters requested are different than current active one (requested -> active):
  custom:container-demuxer-ogg: 62fdf1f143b41e24485cea50d1cbac27 -> 
  custom:video-codec-MediaFoundation-h265: 746d11721c4dcdbdad8f713fa42b33f4 -> 
  custom:video-decoder-ogg-theora: a1e56fd34408186e4bbccfd4996cb3dc -> 
  custom:framework-win-MediaFoundation: 216162199b28c13a410421893ffa2e32 -> 
  custom:CustomObjectIndexerAttribute: 6d391050e5a25f67b0a2c618074f2cd9 -> 
  custom:container-demuxer-webm: 4f35f7cbe854078d1ac9338744f61a02 -> 
  custom:container-muxer-webm: aa71ff27fc2769a1b78a27578f13a17b -> 
  custom:video-decoder-webm-vp8: 9c59270c3fd7afecdb556c50c9e8de78 -> 
  custom:SearchIndexIgnoredProperties: e643bd26f0fe6173181afceb89e7c659 -> 
  custom:AudioImporter_EditorPlatform: d09bf68614088b80899f8185d706f6e7 -> 
  custom:video-encoder-webm-vp8: eb34c28f22e8b96e1ab97ce403110664 -> 
  custom:audio-decoder-ogg-vorbis: bf7c407c2cedff20999df2af8eb42d56 -> 
  custom:audio-encoder-webm-vorbis: bf7c407c2cedff20999df2af8eb42d56 -> 
========================================================================
Received Import Request.
  Time since last request: 565826.201484 seconds.
  path: Assets/Font/FeFCrm2.ttf
  artifactKey: Guid(b9d33519f66dbe942a2c2b78a290f762) Importer(815301076,1909f56bfc062723c751e8b465ee728b)
Start importing Assets/Font/FeFCrm2.ttf using Guid(b9d33519f66dbe942a2c2b78a290f762) Importer(815301076,1909f56bfc062723c751e8b465ee728b)  -> (artifact id: '2f15fcd6cd72258c2daf3cf040bb173d') in 0.285727 seconds
Number of updated asset objects reloaded before import = 0
Number of asset objects unloaded after import = 4
========================================================================
Received Import Request.
  Time since last request: 0.000319 seconds.
  path: Assets/Scenes/[FREE] ken carson + playboi carti + hyperpop type beat - totalLY spies (prod. slimeballdae) - SlimeballDae.mp3
  artifactKey: Guid(9daa80243d4f48d479aa36e9874548db) Importer(815301076,1909f56bfc062723c751e8b465ee728b)
Start importing Assets/Scenes/[FREE] ken carson + playboi carti + hyperpop type beat - totalLY spies (prod. slimeballdae) - SlimeballDae.mp3 using Guid(9daa80243d4f48d479aa36e9874548db) Importer(815301076,1909f56bfc062723c751e8b465ee728b)  -> (artifact id: 'fce0c03f45b1bb9c4536bb86aeab0142') in 0.063472 seconds
Number of updated asset objects reloaded before import = 0
Number of asset objects unloaded after import = 2
========================================================================
Received Import Request.
  Time since last request: 0.000024 seconds.
  path: Assets/Scenes/free-illit-x-newjeans-x-kpop-type-beat-passion-prod-lonlioni-OUPWWP0f8ro.mp3
  artifactKey: Guid(d95ddd0d1c013954a8d45ba261cff20e) Importer(815301076,1909f56bfc062723c751e8b465ee728b)
Start importing Assets/Scenes/free-illit-x-newjeans-x-kpop-type-beat-passion-prod-lonlioni-OUPWWP0f8ro.mp3 using Guid(d95ddd0d1c013954a8d45ba261cff20e) Importer(815301076,1909f56bfc062723c751e8b465ee728b)  -> (artifact id: '78390b29813c796460b8244be65b5a6c') in 0.025887 seconds
Number of updated asset objects reloaded before import = 0
Number of asset objects unloaded after import = 2
========================================================================
Received Import Request.
  Time since last request: 0.000025 seconds.
  path: Assets/Font/FeFCsc2.ttf
  artifactKey: Guid(fc33018033f47d046a76770480c3949d) Importer(815301076,1909f56bfc062723c751e8b465ee728b)
Start importing Assets/Font/FeFCsc2.ttf using Guid(fc33018033f47d046a76770480c3949d) Importer(815301076,1909f56bfc062723c751e8b465ee728b)  -> (artifact id: 'df1df8c8e421b6601c6030e60476e056') in 0.023837 seconds
Number of updated asset objects reloaded before import = 0
Number of asset objects unloaded after import = 4
========================================================================
Received Import Request.
  Time since last request: 75.817113 seconds.
  path: Assets/Pictures/adadadadadaddad.PNG
  artifactKey: Guid(84cf8d729fb23e746b99d9ea6bc0efd5) Importer(815301076,1909f56bfc062723c751e8b465ee728b)
Start importing Assets/Pictures/adadadadadaddad.PNG using Guid(84cf8d729fb23e746b99d9ea6bc0efd5) Importer(815301076,1909f56bfc062723c751e8b465ee728b)  -> (artifact id: 'b55f3af4148d448b639c0e8a4f761be6') in 0.071786 seconds
Number of updated asset objects reloaded before import = 0
Number of asset objects unloaded after import = 2
========================================================================
Received Import Request.
  Time since last request: 0.000037 seconds.
  path: Assets/Pictures/saddadsdsadsad.PNG
  artifactKey: Guid(f8396dbe7bb5b2642b4b26866a734625) Importer(815301076,1909f56bfc062723c751e8b465ee728b)
Start importing Assets/Pictures/saddadsdsadsad.PNG using Guid(f8396dbe7bb5b2642b4b26866a734625) Importer(815301076,1909f56bfc062723c751e8b465ee728b)  -> (artifact id: '34d0b21fa054700bbee92e7a6d969bd9') in 0.042604 seconds
Number of updated asset objects reloaded before import = 0
Number of asset objects unloaded after import = 2
========================================================================
Received Import Request.
  Time since last request: 0.000055 seconds.
  path: Assets/Pictures/jfdjhsdjhsfdfjda.PNG
  artifactKey: Guid(20cba6a3c7140c04abb6e3c3a86ab22a) Importer(815301076,1909f56bfc062723c751e8b465ee728b)
Start importing Assets/Pictures/jfdjhsdjhsfdfjda.PNG using Guid(20cba6a3c7140c04abb6e3c3a86ab22a) Importer(815301076,1909f56bfc062723c751e8b465ee728b)  -> (artifact id: '6ee9973f6eac94605ad7853633ea8fa1') in 0.041950 seconds
Number of updated asset objects reloaded before import = 0
Number of asset objects unloaded after import = 2
========================================================================
Received Import Request.
  Time since last request: 0.000043 seconds.
  path: Assets/Pictures/assdadsasaasdsdas.PNG
  artifactKey: Guid(754f161bdc29aca4c9cd4c30496320c4) Importer(815301076,1909f56bfc062723c751e8b465ee728b)
Start importing Assets/Pictures/assdadsasaasdsdas.PNG using Guid(754f161bdc29aca4c9cd4c30496320c4) Importer(815301076,1909f56bfc062723c751e8b465ee728b)  -> (artifact id: 'aaf8a9c214981d826938edb22b5d1040') in 0.047806 seconds
Number of updated asset objects reloaded before import = 0
Number of asset objects unloaded after import = 2
========================================================================
Received Import Request.
  Time since last request: 0.000059 seconds.
  path: Assets/Pictures/VAMPIRE JHJH.PNG
  artifactKey: Guid(529bca7fd0e02584a8ca253195c92981) Importer(815301076,1909f56bfc062723c751e8b465ee728b)
Start importing Assets/Pictures/VAMPIRE JHJH.PNG using Guid(529bca7fd0e02584a8ca253195c92981) Importer(815301076,1909f56bfc062723c751e8b465ee728b)  -> (artifact id: '1ae23f4d0009da7d071bd753f2e89821') in 0.041001 seconds
Number of updated asset objects reloaded before import = 0
Number of asset objects unloaded after import = 2
========================================================================
Received Import Request.
  Time since last request: 0.000108 seconds.
  path: Assets/Pictures/hurricane.PNG
  artifactKey: Guid(92b04a9213757e341a10cfc456aad232) Importer(815301076,1909f56bfc062723c751e8b465ee728b)
Start importing Assets/Pictures/hurricane.PNG using Guid(92b04a9213757e341a10cfc456aad232) Importer(815301076,1909f56bfc062723c751e8b465ee728b)  -> (artifact id: 'e7e3cd15a262b4c4bae8b25d918b4011') in 0.041291 seconds
Number of updated asset objects reloaded before import = 0
Number of asset objects unloaded after import = 2
========================================================================
Received Import Request.
  Time since last request: 3.411299 seconds.
  path: Assets/Materials/New Material 1.mat
  artifactKey: Guid(00c39a62d71840e499c1f4db3355035f) Importer(815301076,1909f56bfc062723c751e8b465ee728b)
Start importing Assets/Materials/New Material 1.mat using Guid(00c39a62d71840e499c1f4db3355035f) Importer(815301076,1909f56bfc062723c751e8b465ee728b)  -> (artifact id: 'fb6451b38a2bbb95a7009c2c97b65bd1') in 0.351848 seconds
Number of updated asset objects reloaded before import = 0
Number of asset objects unloaded after import = 1
========================================================================
Received Import Request.
  Time since last request: 0.000041 seconds.
  path: Assets/Materials/New Material 18.mat
  artifactKey: Guid(f46c29f93b6b36043a1fcc1a8e87caec) Importer(815301076,1909f56bfc062723c751e8b465ee728b)
Start importing Assets/Materials/New Material 18.mat using Guid(f46c29f93b6b36043a1fcc1a8e87caec) Importer(815301076,1909f56bfc062723c751e8b465ee728b)  -> (artifact id: 'eeb6809a4fac64276db7c5fdbf0d505e') in 0.335438 seconds
Number of updated asset objects reloaded before import = 0
Number of asset objects unloaded after import = 1
========================================================================
Received Import Request.
  Time since last request: 0.000137 seconds.
  path: Assets/Materials/New Material 14.mat
  artifactKey: Guid(c9951d567b5e9c645a814a3e37706092) Importer(815301076,1909f56bfc062723c751e8b465ee728b)
Start importing Assets/Materials/New Material 14.mat using Guid(c9951d567b5e9c645a814a3e37706092) Importer(815301076,1909f56bfc062723c751e8b465ee728b)  -> (artifact id: 'b2ab2acd9de3635d24b0ead33355458f') in 0.158704 seconds
Number of updated asset objects reloaded before import = 0
Number of asset objects unloaded after import = 1
========================================================================
Received Import Request.
  Time since last request: 0.000346 seconds.
  path: Assets/Materials/New Material 3.mat
  artifactKey: Guid(0af545df1fb7a0543bebdb1ba9ea71cf) Importer(815301076,1909f56bfc062723c751e8b465ee728b)
Start importing Assets/Materials/New Material 3.mat using Guid(0af545df1fb7a0543bebdb1ba9ea71cf) Importer(815301076,1909f56bfc062723c751e8b465ee728b)  -> (artifact id: '0b1d98e24c67385da0f7d44fd9d03fca') in 0.035703 seconds
Number of updated asset objects reloaded before import = 0
Number of asset objects unloaded after import = 1
========================================================================
Received Import Request.
  Time since last request: 0.000041 seconds.
  path: Assets/Materials/New Material 11.mat
  artifactKey: Guid(9d3425c76f84bbd46bdcf37966d58a28) Importer(815301076,1909f56bfc062723c751e8b465ee728b)
Start importing Assets/Materials/New Material 11.mat using Guid(9d3425c76f84bbd46bdcf37966d58a28) Importer(815301076,1909f56bfc062723c751e8b465ee728b)  -> (artifact id: 'eb7f02f056cd571662d1b0cbad7d2449') in 0.032236 seconds
Number of updated asset objects reloaded before import = 0
Number of asset objects unloaded after import = 1
========================================================================
Received Import Request.
  Time since last request: 0.000077 seconds.
  path: Assets/Materials/New Material 2.mat
  artifactKey: Guid(c6a8f1c94021bc34a869bb89dcc5e97c) Importer(815301076,1909f56bfc062723c751e8b465ee728b)
Start importing Assets/Materials/New Material 2.mat using Guid(c6a8f1c94021bc34a869bb89dcc5e97c) Importer(815301076,1909f56bfc062723c751e8b465ee728b)  -> (artifact id: '6586e217336f3ddfe266438eefd85716') in 0.033728 seconds
Number of updated asset objects reloaded before import = 0
Number of asset objects unloaded after import = 1
========================================================================
Received Import Request.
  Time since last request: 0.000754 seconds.
  path: Assets/Materials/New Material 32.mat
  artifactKey: Guid(f0d56e0128578274d874c93114a7d3de) Importer(815301076,1909f56bfc062723c751e8b465ee728b)
Start importing Assets/Materials/New Material 32.mat using Guid(f0d56e0128578274d874c93114a7d3de) Importer(815301076,1909f56bfc062723c751e8b465ee728b)  -> (artifact id: 'b4b78e9f1f64854220276fe05c5b49a2') in 0.032353 seconds
Number of updated asset objects reloaded before import = 0
Number of asset objects unloaded after import = 1
========================================================================
Received Import Request.
  Time since last request: 0.000033 seconds.
  path: Assets/Materials/New Material 35.mat
  artifactKey: Guid(cb43fcf3e5fcb5c4d889b65931ca1437) Importer(815301076,1909f56bfc062723c751e8b465ee728b)
Start importing Assets/Materials/New Material 35.mat using Guid(cb43fcf3e5fcb5c4d889b65931ca1437) Importer(815301076,1909f56bfc062723c751e8b465ee728b)  -> (artifact id: 'b3be857d280c44e268f8829bf5d8da74') in 0.024831 seconds
Number of updated asset objects reloaded before import = 0
Number of asset objects unloaded after import = 1
========================================================================
Received Import Request.
  Time since last request: 0.000092 seconds.
  path: Assets/Materials/New Material 19.mat
  artifactKey: Guid(29bb29f96e66def46a8ff3c6ec9110a8) Importer(815301076,1909f56bfc062723c751e8b465ee728b)
Start importing Assets/Materials/New Material 19.mat using Guid(29bb29f96e66def46a8ff3c6ec9110a8) Importer(815301076,1909f56bfc062723c751e8b465ee728b)  -> (artifact id: '84d6c68f55982c4b3c45457072af65ea') in 0.027585 seconds
Number of updated asset objects reloaded before import = 0
Number of asset objects unloaded after import = 1
========================================================================
Received Import Request.
  Time since last request: 0.000053 seconds.
  path: Assets/Materials/New Material 5.mat
  artifactKey: Guid(e271c75d84bdc7e40acdf21806ab1980) Importer(815301076,1909f56bfc062723c751e8b465ee728b)
Start importing Assets/Materials/New Material 5.mat using Guid(e271c75d84bdc7e40acdf21806ab1980) Importer(815301076,1909f56bfc062723c751e8b465ee728b)  -> (artifact id: 'd8ac20598a1a1f92f08073d48b7e3f3b') in 0.031004 seconds
Number of updated asset objects reloaded before import = 0
Number of asset objects unloaded after import = 1
========================================================================
Received Import Request.
  Time since last request: 0.000131 seconds.
  path: Assets/Materials/New Material 15.mat
  artifactKey: Guid(99a74366b6c8d704bbdb8b095428367b) Importer(815301076,1909f56bfc062723c751e8b465ee728b)
Start importing Assets/Materials/New Material 15.mat using Guid(99a74366b6c8d704bbdb8b095428367b) Importer(815301076,1909f56bfc062723c751e8b465ee728b)  -> (artifact id: 'e87efe71ab45173d8ab8263b80360e5b') in 0.027537 seconds
Number of updated asset objects reloaded before import = 0
Number of asset objects unloaded after import = 1
========================================================================
Received Import Request.
  Time since last request: 0.000031 seconds.
  path: Assets/Materials/New Material 20.mat
  artifactKey: Guid(9d60bb662f3cea740bcbe0e6d0fb0f07) Importer(815301076,1909f56bfc062723c751e8b465ee728b)
Start importing Assets/Materials/New Material 20.mat using Guid(9d60bb662f3cea740bcbe0e6d0fb0f07) Importer(815301076,1909f56bfc062723c751e8b465ee728b)  -> (artifact id: 'f9ca3b04aacd5656741f84756916b54f') in 0.026759 seconds
Number of updated asset objects reloaded before import = 0
Number of asset objects unloaded after import = 1
========================================================================
Received Import Request.
  Time since last request: 0.000117 seconds.
  path: Assets/Materials/New Material 27.mat
  artifactKey: Guid(76703646b70212b4d94344c5d7e78f2a) Importer(815301076,1909f56bfc062723c751e8b465ee728b)
Start importing Assets/Materials/New Material 27.mat using Guid(76703646b70212b4d94344c5d7e78f2a) Importer(815301076,1909f56bfc062723c751e8b465ee728b)  -> (artifact id: '200b45b25241fee5bde9305a9dd1c9ed') in 0.027067 seconds
Number of updated asset objects reloaded before import = 0
Number of asset objects unloaded after import = 1
========================================================================
Received Import Request.
  Time since last request: 0.000944 seconds.
  path: Assets/Materials/New Material 34.mat
  artifactKey: Guid(449a5f067a4c44d4a88dd472c58f0c0e) Importer(815301076,1909f56bfc062723c751e8b465ee728b)
Start importing Assets/Materials/New Material 34.mat using Guid(449a5f067a4c44d4a88dd472c58f0c0e) Importer(815301076,1909f56bfc062723c751e8b465ee728b)  -> (artifact id: '906fd07790039b51b97f4b6abd958a81') in 0.029668 seconds
Number of updated asset objects reloaded before import = 0
Number of asset objects unloaded after import = 1
========================================================================
Received Import Request.
  Time since last request: 0.000136 seconds.
  path: Assets/Materials/New Material 13.mat
  artifactKey: Guid(acaecb76ddaadc14781b92fc1481f604) Importer(815301076,1909f56bfc062723c751e8b465ee728b)
Start importing Assets/Materials/New Material 13.mat using Guid(acaecb76ddaadc14781b92fc1481f604) Importer(815301076,1909f56bfc062723c751e8b465ee728b)  -> (artifact id: '2f0613c651d82ae5e9441d5e5c3e7e6c') in 0.039322 seconds
Number of updated asset objects reloaded before import = 0
Number of asset objects unloaded after import = 1
========================================================================
Received Import Request.
  Time since last request: 0.000095 seconds.
  path: Assets/Materials/New Material 26.mat
  artifactKey: Guid(402222b3f6fde6e448b998d4e018061b) Importer(815301076,1909f56bfc062723c751e8b465ee728b)
Start importing Assets/Materials/New Material 26.mat using Guid(402222b3f6fde6e448b998d4e018061b) Importer(815301076,1909f56bfc062723c751e8b465ee728b)  -> (artifact id: 'ec35b075b75a58a12a7ccbf83da78bbb') in 0.033581 seconds
Number of updated asset objects reloaded before import = 0
Number of asset objects unloaded after import = 1
========================================================================
Received Import Request.
  Time since last request: 0.000110 seconds.
  path: Assets/Materials/New Material 17.mat
  artifactKey: Guid(f37f51aca01b9eb42a04ee3d70dc9d52) Importer(815301076,1909f56bfc062723c751e8b465ee728b)
Start importing Assets/Materials/New Material 17.mat using Guid(f37f51aca01b9eb42a04ee3d70dc9d52) Importer(815301076,1909f56bfc062723c751e8b465ee728b)  -> (artifact id: '682c361db8930f4c7005c2a3efec5598') in 0.026549 seconds
Number of updated asset objects reloaded before import = 0
Number of asset objects unloaded after import = 1
========================================================================
Received Import Request.
  Time since last request: 0.000028 seconds.
  path: Assets/Materials/New Material 10.mat
  artifactKey: Guid(aee4818efede9b044b97ed7328008c85) Importer(815301076,1909f56bfc062723c751e8b465ee728b)
Start importing Assets/Materials/New Material 10.mat using Guid(aee4818efede9b044b97ed7328008c85) Importer(815301076,1909f56bfc062723c751e8b465ee728b)  -> (artifact id: '001e086b6adf3192cf08d125469e9bb6') in 0.029143 seconds
Number of updated asset objects reloaded before import = 0
Number of asset objects unloaded after import = 1
========================================================================
Received Import Request.
  Time since last request: 84.539554 seconds.
  path: Assets/Materials/New Material 38.mat
  artifactKey: Guid(f0945d84ba628634bb8f9d0be072da5b) Importer(815301076,1909f56bfc062723c751e8b465ee728b)
Start importing Assets/Materials/New Material 38.mat using Guid(f0945d84ba628634bb8f9d0be072da5b) Importer(815301076,1909f56bfc062723c751e8b465ee728b)  -> (artifact id: 'a36c3b7d1d67699660f8b3746a860118') in 0.058053 seconds
Number of updated asset objects reloaded before import = 0
Number of asset objects unloaded after import = 1
========================================================================
Received Import Request.
  Time since last request: 0.001733 seconds.
  path: Assets/Materials/New Material 41.mat
  artifactKey: Guid(393126a62e5f7f3458790aaee8c547c2) Importer(815301076,1909f56bfc062723c751e8b465ee728b)
Start importing Assets/Materials/New Material 41.mat using Guid(393126a62e5f7f3458790aaee8c547c2) Importer(815301076,1909f56bfc062723c751e8b465ee728b)  -> (artifact id: 'dafc74dff3b0d3a8ac5a49cd297d5fab') in 0.029025 seconds
Number of updated asset objects reloaded before import = 0
Number of asset objects unloaded after import = 1
========================================================================
Received Import Request.
  Time since last request: 0.000036 seconds.
  path: Assets/Materials/New Material 43.mat
  artifactKey: Guid(268837826f2609e459aa2408935f929e) Importer(815301076,1909f56bfc062723c751e8b465ee728b)
Start importing Assets/Materials/New Material 43.mat using Guid(268837826f2609e459aa2408935f929e) Importer(815301076,1909f56bfc062723c751e8b465ee728b)  -> (artifact id: '6c6bc0de0b2c45264349d1c92200f422') in 0.031776 seconds
Number of updated asset objects reloaded before import = 0
Number of asset objects unloaded after import = 1
========================================================================
Received Import Request.
  Time since last request: 0.000290 seconds.
  path: Assets/Materials/New Material 49.mat
  artifactKey: Guid(57613c08e1c02d545a079f58c17e946a) Importer(815301076,1909f56bfc062723c751e8b465ee728b)
Start importing Assets/Materials/New Material 49.mat using Guid(57613c08e1c02d545a079f58c17e946a) Importer(815301076,1909f56bfc062723c751e8b465ee728b)  -> (artifact id: 'eedca6224e1274cff27920f7d9fb95a3') in 0.030574 seconds
Number of updated asset objects reloaded before import = 0
Number of asset objects unloaded after import = 1
========================================================================
Received Import Request.
  Time since last request: 0.000107 seconds.
  path: Assets/Materials/New Material 45.mat
  artifactKey: Guid(2f070bb2fabf09e498bf9c51cf081d8d) Importer(815301076,1909f56bfc062723c751e8b465ee728b)
Start importing Assets/Materials/New Material 45.mat using Guid(2f070bb2fabf09e498bf9c51cf081d8d) Importer(815301076,1909f56bfc062723c751e8b465ee728b)  -> (artifact id: '205ba74ceb2288455e2d660b75be62b7') in 0.027719 seconds
Number of updated asset objects reloaded before import = 0
Number of asset objects unloaded after import = 1
========================================================================
Received Import Request.
  Time since last request: 0.000072 seconds.
  path: Assets/Materials/New Material 46.mat
  artifactKey: Guid(fa4d9fa800b4ba54eb11d5fce6e59a79) Importer(815301076,1909f56bfc062723c751e8b465ee728b)
Start importing Assets/Materials/New Material 46.mat using Guid(fa4d9fa800b4ba54eb11d5fce6e59a79) Importer(815301076,1909f56bfc062723c751e8b465ee728b)  -> (artifact id: '452591cdbde4d63d602783fc66bb1653') in 0.031537 seconds
Number of updated asset objects reloaded before import = 0
Number of asset objects unloaded after import = 2
========================================================================
Received Import Request.
  Time since last request: 0.000028 seconds.
  path: Assets/Materials/New Material 57.mat
  artifactKey: Guid(c6cada6b3c80ead4ca8092d08f1aa3af) Importer(815301076,1909f56bfc062723c751e8b465ee728b)
Start importing Assets/Materials/New Material 57.mat using Guid(c6cada6b3c80ead4ca8092d08f1aa3af) Importer(815301076,1909f56bfc062723c751e8b465ee728b)  -> (artifact id: '4424a1827498e084e86a3777b1d4374a') in 0.165026 seconds
Number of updated asset objects reloaded before import = 0
Number of asset objects unloaded after import = 1
========================================================================
Received Import Request.
  Time since last request: 0.000295 seconds.
  path: Assets/Materials/New Material 52.mat
  artifactKey: Guid(10d8a559e29a82d47bbb9727bf0c8767) Importer(815301076,1909f56bfc062723c751e8b465ee728b)
Start importing Assets/Materials/New Material 52.mat using Guid(10d8a559e29a82d47bbb9727bf0c8767) Importer(815301076,1909f56bfc062723c751e8b465ee728b)  -> (artifact id: '89852d831263cd76003306007e15da78') in 0.025838 seconds
Number of updated asset objects reloaded before import = 0
Number of asset objects unloaded after import = 2
========================================================================
Received Import Request.
  Time since last request: 0.000028 seconds.
  path: Assets/Materials/New Material 44.mat
  artifactKey: Guid(0505b865c8f09dc469d9761a3da1ecab) Importer(815301076,1909f56bfc062723c751e8b465ee728b)
Start importing Assets/Materials/New Material 44.mat using Guid(0505b865c8f09dc469d9761a3da1ecab) Importer(815301076,1909f56bfc062723c751e8b465ee728b)  -> (artifact id: 'd88d594d91560280b5d8607769cbf3fe') in 0.028608 seconds
Number of updated asset objects reloaded before import = 0
Number of asset objects unloaded after import = 1
========================================================================
Received Import Request.
  Time since last request: 0.000039 seconds.
  path: Assets/Materials/New Material 48.mat
  artifactKey: Guid(42e4ed596c574e8438fa12ac821f7ea6) Importer(815301076,1909f56bfc062723c751e8b465ee728b)
Start importing Assets/Materials/New Material 48.mat using Guid(42e4ed596c574e8438fa12ac821f7ea6) Importer(815301076,1909f56bfc062723c751e8b465ee728b)  -> (artifact id: '8c59a9deba604b332d7136d9ee2bdbde') in 0.025483 seconds
Number of updated asset objects reloaded before import = 0
Number of asset objects unloaded after import = 1
========================================================================
Received Import Request.
  Time since last request: 251.210489 seconds.
  path: Assets/3Skyboxes/Materials/Skybox_BluePinkNebular.mat
  artifactKey: Guid(939e9a2214e37ec4e8eb4fe85d074704) Importer(815301076,1909f56bfc062723c751e8b465ee728b)
Start importing Assets/3Skyboxes/Materials/Skybox_BluePinkNebular.mat using Guid(939e9a2214e37ec4e8eb4fe85d074704) Importer(815301076,1909f56bfc062723c751e8b465ee728b)  -> (artifact id: 'b1787885ddba06b26e12c254fa85aba6') in 1.710865 seconds
Number of updated asset objects reloaded before import = 0
Number of asset objects unloaded after import = 7
========================================================================
Received Import Request.
  Time since last request: 0.001049 seconds.
  path: Assets/3Skyboxes/Materials/Skybox_GreenNebular.mat
  artifactKey: Guid(2d59d810ba900874295015e507e19f2e) Importer(815301076,1909f56bfc062723c751e8b465ee728b)
Start importing Assets/3Skyboxes/Materials/Skybox_GreenNebular.mat using Guid(2d59d810ba900874295015e507e19f2e) Importer(815301076,1909f56bfc062723c751e8b465ee728b)  -> (artifact id: '7dba20a1f6b30b4a047f56d530a96e61') in 0.374159 seconds
Number of updated asset objects reloaded before import = 0
Number of asset objects unloaded after import = 7
========================================================================
Received Import Request.
  Time since last request: 282.153386 seconds.
  path: Assets/Materials/New Material 60.mat
  artifactKey: Guid(187075645474fb64993a1adf2f6a6012) Importer(815301076,1909f56bfc062723c751e8b465ee728b)
Start importing Assets/Materials/New Material 60.mat using Guid(187075645474fb64993a1adf2f6a6012) Importer(815301076,1909f56bfc062723c751e8b465ee728b)  -> (artifact id: '9664d6918019cb7d143f7eda95bb74e1') in 0.067037 seconds
Number of updated asset objects reloaded before import = 0
Number of asset objects unloaded after import = 2
========================================================================
Received Import Request.
  Time since last request: 592.126694 seconds.
  path: Assets/TextMesh Pro/Fonts/LiberationSans.ttf
  artifactKey: Guid(e3265ab4bf004d28a9537516768c1c75) Importer(815301076,1909f56bfc062723c751e8b465ee728b)
Start importing Assets/TextMesh Pro/Fonts/LiberationSans.ttf using Guid(e3265ab4bf004d28a9537516768c1c75) Importer(815301076,1909f56bfc062723c751e8b465ee728b)  -> (artifact id: '868ae7279cb8681e901fb13a12c8cb7e') in 0.219572 seconds
Number of updated asset objects reloaded before import = 0
Number of asset objects unloaded after import = 4
========================================================================
Received Prepare
Begin MonoManager ReloadAssembly
- Loaded All Assemblies, in  2.177 seconds
Refreshing native plugins compatible for Editor in 5.79 ms, found 3 plugins.
Native extension for WindowsStandalone target not found
Native extension for WebGL target not found
[Package Manager] Server::EnsureServerProcessIsRunning -- launch failed, reason: Unity was launched with the -noUpm command-line argument
[Package Manager] UpmClient::Send -- Unable to send message (not connected to UPM process).
[Package Manager] Cannot connect to Unity Package Manager local server
Mono: successfully reloaded assembly
- Finished resetting the current domain, in  5.702 seconds
Domain Reload Profiling: 7876ms
	BeginReloadAssembly (1031ms)
		ExecutionOrderSort (0ms)
		DisableScriptedObjects (41ms)
		BackupInstance (0ms)
		ReleaseScriptingObjects (2ms)
		CreateAndSetChildDomain (435ms)
	RebuildCommonClasses (78ms)
	RebuildNativeTypeToScriptingClass (19ms)
	initialDomainReloadingComplete (74ms)
	LoadAllAssembliesAndSetupDomain (971ms)
		LoadAssemblies (1242ms)
		RebuildTransferFunctionScriptingTraits (0ms)
		AnalyzeDomain (47ms)
			TypeCache.Refresh (29ms)
				TypeCache.ScanAssembly (0ms)
			ScanForSourceGeneratedMonoScriptInfo (1ms)
			ResolveRequiredComponents (17ms)
	FinalizeReload (5704ms)
		ReleaseScriptCaches (0ms)
		RebuildScriptCaches (0ms)
		SetupLoadedEditorAssemblies (879ms)
			LogAssemblyErrors (0ms)
			InitializePlatformSupportModulesInManaged (30ms)
			SetLoadedEditorAssemblies (17ms)
			RefreshPlugins (0ms)
			BeforeProcessingInitializeOnLoad (157ms)
			ProcessInitializeOnLoadAttributes (621ms)
			ProcessInitializeOnLoadMethodAttributes (44ms)
			AfterProcessingInitializeOnLoad (9ms)
			EditorAssembliesLoaded (1ms)
		ExecutionOrderSort2 (0ms)
		AwakeInstancesAfterBackupRestoration (10ms)
Refreshing native plugins compatible for Editor in 5.38 ms, found 3 plugins.
Preloading 0 native plugins for Editor in 0.00 ms.
Unloading 3776 Unused Serialized files (Serialized files now loaded: 0)
Unloading 39 unused Assets / (1.9 MB). Loaded Objects now: 4361.
Memory consumption went from 154.2 MB to 152.4 MB.
Total: 8.585300 ms (FindLiveObjects: 0.372600 ms CreateObjectMapping: 0.198800 ms MarkObjects: 7.536100 ms  DeleteObjects: 0.474500 ms)

Prepare: number of updated asset objects reloaded= 0
AssetImportParameters requested are different than current active one (requested -> active):
  custom:container-demuxer-ogg: 62fdf1f143b41e24485cea50d1cbac27 -> 
  custom:video-codec-MediaFoundation-h265: 746d11721c4dcdbdad8f713fa42b33f4 -> 
  custom:video-decoder-ogg-theora: a1e56fd34408186e4bbccfd4996cb3dc -> 
  custom:framework-win-MediaFoundation: 216162199b28c13a410421893ffa2e32 -> 
  custom:CustomObjectIndexerAttribute: 6d391050e5a25f67b0a2c618074f2cd9 -> 
  custom:container-demuxer-webm: 4f35f7cbe854078d1ac9338744f61a02 -> 
  custom:container-muxer-webm: aa71ff27fc2769a1b78a27578f13a17b -> 
  custom:video-decoder-webm-vp8: 9c59270c3fd7afecdb556c50c9e8de78 -> 
  custom:SearchIndexIgnoredProperties: e643bd26f0fe6173181afceb89e7c659 -> 
  custom:AudioImporter_EditorPlatform: d09bf68614088b80899f8185d706f6e7 -> 
  custom:video-encoder-webm-vp8: eb34c28f22e8b96e1ab97ce403110664 -> 
  custom:audio-decoder-ogg-vorbis: bf7c407c2cedff20999df2af8eb42d56 -> 
  custom:audio-encoder-webm-vorbis: bf7c407c2cedff20999df2af8eb42d56 -> 
========================================================================
Received Prepare
Begin MonoManager ReloadAssembly
- Loaded All Assemblies, in  0.672 seconds
Refreshing native plugins compatible for Editor in 4.52 ms, found 3 plugins.
Native extension for WindowsStandalone target not found
Native extension for WebGL target not found
[Package Manager] Server::EnsureServerProcessIsRunning -- launch failed, reason: Unity was launched with the -noUpm command-line argument
[Package Manager] UpmClient::Send -- Unable to send message (not connected to UPM process).
[Package Manager] Cannot connect to Unity Package Manager local server
Mono: successfully reloaded assembly
- Finished resetting the current domain, in  2.595 seconds
Domain Reload Profiling: 3264ms
	BeginReloadAssembly (204ms)
		ExecutionOrderSort (0ms)
		DisableScriptedObjects (6ms)
		BackupInstance (0ms)
		ReleaseScriptingObjects (0ms)
		CreateAndSetChildDomain (42ms)
	RebuildCommonClasses (40ms)
	RebuildNativeTypeToScriptingClass (12ms)
	initialDomainReloadingComplete (35ms)
	LoadAllAssembliesAndSetupDomain (376ms)
		LoadAssemblies (473ms)
		RebuildTransferFunctionScriptingTraits (0ms)
		AnalyzeDomain (17ms)
			TypeCache.Refresh (8ms)
				TypeCache.ScanAssembly (0ms)
			ScanForSourceGeneratedMonoScriptInfo (0ms)
			ResolveRequiredComponents (8ms)
	FinalizeReload (2596ms)
		ReleaseScriptCaches (0ms)
		RebuildScriptCaches (0ms)
		SetupLoadedEditorAssemblies (700ms)
			LogAssemblyErrors (0ms)
			InitializePlatformSupportModulesInManaged (13ms)
			SetLoadedEditorAssemblies (9ms)
			RefreshPlugins (0ms)
			BeforeProcessingInitializeOnLoad (111ms)
			ProcessInitializeOnLoadAttributes (516ms)
			ProcessInitializeOnLoadMethodAttributes (40ms)
			AfterProcessingInitializeOnLoad (11ms)
			EditorAssembliesLoaded (0ms)
		ExecutionOrderSort2 (0ms)
		AwakeInstancesAfterBackupRestoration (12ms)
Refreshing native plugins compatible for Editor in 5.07 ms, found 3 plugins.
Preloading 0 native plugins for Editor in 0.00 ms.
Unloading 3777 Unused Serialized files (Serialized files now loaded: 0)
Unloading 39 unused Assets / (1.9 MB). Loaded Objects now: 4376.
Memory consumption went from 156.4 MB to 154.6 MB.
Total: 6.319300 ms (FindLiveObjects: 0.810500 ms CreateObjectMapping: 0.232600 ms MarkObjects: 4.493800 ms  DeleteObjects: 0.779800 ms)

Prepare: number of updated asset objects reloaded= 0
AssetImportParameters requested are different than current active one (requested -> active):
  custom:container-demuxer-ogg: 62fdf1f143b41e24485cea50d1cbac27 -> 
  custom:video-codec-MediaFoundation-h265: 746d11721c4dcdbdad8f713fa42b33f4 -> 
  custom:video-decoder-ogg-theora: a1e56fd34408186e4bbccfd4996cb3dc -> 
  custom:framework-win-MediaFoundation: 216162199b28c13a410421893ffa2e32 -> 
  custom:CustomObjectIndexerAttribute: 6d391050e5a25f67b0a2c618074f2cd9 -> 
  custom:container-demuxer-webm: 4f35f7cbe854078d1ac9338744f61a02 -> 
  custom:container-muxer-webm: aa71ff27fc2769a1b78a27578f13a17b -> 
  custom:video-decoder-webm-vp8: 9c59270c3fd7afecdb556c50c9e8de78 -> 
  custom:SearchIndexIgnoredProperties: e643bd26f0fe6173181afceb89e7c659 -> 
  custom:AudioImporter_EditorPlatform: d09bf68614088b80899f8185d706f6e7 -> 
  custom:video-encoder-webm-vp8: eb34c28f22e8b96e1ab97ce403110664 -> 
  custom:audio-decoder-ogg-vorbis: bf7c407c2cedff20999df2af8eb42d56 -> 
  custom:audio-encoder-webm-vorbis: bf7c407c2cedff20999df2af8eb42d56 -> 
========================================================================
Received Prepare
Begin MonoManager ReloadAssembly
- Loaded All Assemblies, in  0.941 seconds
Refreshing native plugins compatible for Editor in 5.48 ms, found 3 plugins.
Native extension for WindowsStandalone target not found
Native extension for WebGL target not found
[Package Manager] Server::EnsureServerProcessIsRunning -- launch failed, reason: Unity was launched with the -noUpm command-line argument
[Package Manager] UpmClient::Send -- Unable to send message (not connected to UPM process).
[Package Manager] Cannot connect to Unity Package Manager local server
Mono: successfully reloaded assembly
- Finished resetting the current domain, in  1.740 seconds
Domain Reload Profiling: 2675ms
	BeginReloadAssembly (273ms)
		ExecutionOrderSort (0ms)
		DisableScriptedObjects (6ms)
		BackupInstance (0ms)
		ReleaseScriptingObjects (0ms)
		CreateAndSetChildDomain (61ms)
	RebuildCommonClasses (55ms)
	RebuildNativeTypeToScriptingClass (16ms)
	initialDomainReloadingComplete (55ms)
	LoadAllAssembliesAndSetupDomain (534ms)
		LoadAssemblies (672ms)
		RebuildTransferFunctionScriptingTraits (0ms)
		AnalyzeDomain (24ms)
			TypeCache.Refresh (12ms)
				TypeCache.ScanAssembly (0ms)
			ScanForSourceGeneratedMonoScriptInfo (0ms)
			ResolveRequiredComponents (10ms)
	FinalizeReload (1741ms)
		ReleaseScriptCaches (0ms)
		RebuildScriptCaches (0ms)
		SetupLoadedEditorAssemblies (805ms)
			LogAssemblyErrors (0ms)
			InitializePlatformSupportModulesInManaged (14ms)
			SetLoadedEditorAssemblies (8ms)
			RefreshPlugins (0ms)
			BeforeProcessingInitializeOnLoad (139ms)
			ProcessInitializeOnLoadAttributes (596ms)
			ProcessInitializeOnLoadMethodAttributes (37ms)
			AfterProcessingInitializeOnLoad (10ms)
			EditorAssembliesLoaded (0ms)
		ExecutionOrderSort2 (0ms)
		AwakeInstancesAfterBackupRestoration (12ms)
Refreshing native plugins compatible for Editor in 5.66 ms, found 3 plugins.
Preloading 0 native plugins for Editor in 0.00 ms.
Unloading 3777 Unused Serialized files (Serialized files now loaded: 0)
Unloading 39 unused Assets / (1.9 MB). Loaded Objects now: 4391.
Memory consumption went from 158.4 MB to 156.5 MB.
Total: 6.779900 ms (FindLiveObjects: 0.439900 ms CreateObjectMapping: 0.178000 ms MarkObjects: 5.133100 ms  DeleteObjects: 0.917800 ms)

Prepare: number of updated asset objects reloaded= 0
AssetImportParameters requested are different than current active one (requested -> active):
  custom:container-demuxer-ogg: 62fdf1f143b41e24485cea50d1cbac27 -> 
  custom:video-codec-MediaFoundation-h265: 746d11721c4dcdbdad8f713fa42b33f4 -> 
  custom:video-decoder-ogg-theora: a1e56fd34408186e4bbccfd4996cb3dc -> 
  custom:framework-win-MediaFoundation: 216162199b28c13a410421893ffa2e32 -> 
  custom:CustomObjectIndexerAttribute: 6d391050e5a25f67b0a2c618074f2cd9 -> 
  custom:container-demuxer-webm: 4f35f7cbe854078d1ac9338744f61a02 -> 
  custom:container-muxer-webm: aa71ff27fc2769a1b78a27578f13a17b -> 
  custom:video-decoder-webm-vp8: 9c59270c3fd7afecdb556c50c9e8de78 -> 
  custom:SearchIndexIgnoredProperties: e643bd26f0fe6173181afceb89e7c659 -> 
  custom:AudioImporter_EditorPlatform: d09bf68614088b80899f8185d706f6e7 -> 
  custom:video-encoder-webm-vp8: eb34c28f22e8b96e1ab97ce403110664 -> 
  custom:audio-decoder-ogg-vorbis: bf7c407c2cedff20999df2af8eb42d56 -> 
  custom:audio-encoder-webm-vorbis: bf7c407c2cedff20999df2af8eb42d56 -> 
========================================================================
Received Prepare
Begin MonoManager ReloadAssembly
- Loaded All Assemblies, in  0.791 seconds
Refreshing native plugins compatible for Editor in 5.20 ms, found 3 plugins.
Native extension for WindowsStandalone target not found
Native extension for WebGL target not found
[Package Manager] Server::EnsureServerProcessIsRunning -- launch failed, reason: Unity was launched with the -noUpm command-line argument
[Package Manager] UpmClient::Send -- Unable to send message (not connected to UPM process).
[Package Manager] Cannot connect to Unity Package Manager local server
Mono: successfully reloaded assembly
- Finished resetting the current domain, in  2.795 seconds
Domain Reload Profiling: 3584ms
	BeginReloadAssembly (254ms)
		ExecutionOrderSort (0ms)
		DisableScriptedObjects (6ms)
		BackupInstance (0ms)
		ReleaseScriptingObjects (0ms)
		CreateAndSetChildDomain (85ms)
	RebuildCommonClasses (48ms)
	RebuildNativeTypeToScriptingClass (15ms)
	initialDomainReloadingComplete (43ms)
	LoadAllAssembliesAndSetupDomain (428ms)
		LoadAssemblies (526ms)
		RebuildTransferFunctionScriptingTraits (0ms)
		AnalyzeDomain (23ms)
			TypeCache.Refresh (11ms)
				TypeCache.ScanAssembly (0ms)
			ScanForSourceGeneratedMonoScriptInfo (0ms)
			ResolveRequiredComponents (9ms)
	FinalizeReload (2796ms)
		ReleaseScriptCaches (0ms)
		RebuildScriptCaches (0ms)
		SetupLoadedEditorAssemblies (602ms)
			LogAssemblyErrors (0ms)
			InitializePlatformSupportModulesInManaged (12ms)
			SetLoadedEditorAssemblies (8ms)
			RefreshPlugins (0ms)
			BeforeProcessingInitializeOnLoad (94ms)
			ProcessInitializeOnLoadAttributes (439ms)
			ProcessInitializeOnLoadMethodAttributes (29ms)
			AfterProcessingInitializeOnLoad (19ms)
			EditorAssembliesLoaded (0ms)
		ExecutionOrderSort2 (0ms)
		AwakeInstancesAfterBackupRestoration (9ms)
Refreshing native plugins compatible for Editor in 4.87 ms, found 3 plugins.
Preloading 0 native plugins for Editor in 0.00 ms.
Unloading 3777 Unused Serialized files (Serialized files now loaded: 0)
Unloading 39 unused Assets / (1.9 MB). Loaded Objects now: 4406.
Memory consumption went from 160.3 MB to 158.4 MB.
Total: 9.510700 ms (FindLiveObjects: 0.648500 ms CreateObjectMapping: 0.257400 ms MarkObjects: 7.934900 ms  DeleteObjects: 0.666700 ms)

Prepare: number of updated asset objects reloaded= 0
AssetImportParameters requested are different than current active one (requested -> active):
  custom:container-demuxer-ogg: 62fdf1f143b41e24485cea50d1cbac27 -> 
  custom:video-codec-MediaFoundation-h265: 746d11721c4dcdbdad8f713fa42b33f4 -> 
  custom:video-decoder-ogg-theora: a1e56fd34408186e4bbccfd4996cb3dc -> 
  custom:framework-win-MediaFoundation: 216162199b28c13a410421893ffa2e32 -> 
  custom:CustomObjectIndexerAttribute: 6d391050e5a25f67b0a2c618074f2cd9 -> 
  custom:container-demuxer-webm: 4f35f7cbe854078d1ac9338744f61a02 -> 
  custom:container-muxer-webm: aa71ff27fc2769a1b78a27578f13a17b -> 
  custom:video-decoder-webm-vp8: 9c59270c3fd7afecdb556c50c9e8de78 -> 
  custom:SearchIndexIgnoredProperties: e643bd26f0fe6173181afceb89e7c659 -> 
  custom:AudioImporter_EditorPlatform: d09bf68614088b80899f8185d706f6e7 -> 
  custom:video-encoder-webm-vp8: eb34c28f22e8b96e1ab97ce403110664 -> 
  custom:audio-decoder-ogg-vorbis: bf7c407c2cedff20999df2af8eb42d56 -> 
  custom:audio-encoder-webm-vorbis: bf7c407c2cedff20999df2af8eb42d56 -> 
========================================================================
Received Import Request.
  Time since last request: 2559.991093 seconds.
  path: Assets/Materials/New Material 62.mat
  artifactKey: Guid(22abce7623e8d2c478a2aea66ad51a14) Importer(815301076,1909f56bfc062723c751e8b465ee728b)
Start importing Assets/Materials/New Material 62.mat using Guid(22abce7623e8d2c478a2aea66ad51a14) Importer(815301076,1909f56bfc062723c751e8b465ee728b)  -> (artifact id: '012e657e99bc9fd9bb534229b0489bb7') in 1.349283 seconds
Number of updated asset objects reloaded before import = 0
Number of asset objects unloaded after import = 1
