Using pre-set license
Built from '2022.3/release' branch; Version is '2022.3.20f1 (61c2feb0970d) revision 6406910'; Using compiler version '192829333'; Build Type 'Release'
OS: 'Windows 11  (10.0.22631) 64bit Core' Language: 'en' Physical Memory: 7818 MB
BatchMode: 1, IsHumanControllingUs: 0, StartBugReporterOnCrash: 0, Is64bit: 1, IsPro: 1

COMMAND LINE ARGUMENTS:
C:\Program Files\Unity\Hub\Editor\2022.3.20f1\Editor\Unity.exe
-adb2
-batchMode
-noUpm
-name
AssetImportWorker0
-projectPath
C:/Users/user/OneDrive/Lovesick-Demos
-logFile
Logs/AssetImportWorker0.log
-srvPort
61998
Successfully changed project path to: C:/Users/user/OneDrive/Lovesick-Demos
C:/Users/user/OneDrive/Lovesick-Demos
[UnityMemory] Configuration Parameters - Can be set up in boot.config
    "memorysetup-bucket-allocator-granularity=16"
    "memorysetup-bucket-allocator-bucket-count=8"
    "memorysetup-bucket-allocator-block-size=33554432"
    "memorysetup-bucket-allocator-block-count=8"
    "memorysetup-main-allocator-block-size=16777216"
    "memorysetup-thread-allocator-block-size=16777216"
    "memorysetup-gfx-main-allocator-block-size=16777216"
    "memorysetup-gfx-thread-allocator-block-size=16777216"
    "memorysetup-cache-allocator-block-size=4194304"
    "memorysetup-typetree-allocator-block-size=2097152"
    "memorysetup-profiler-bucket-allocator-granularity=16"
    "memorysetup-profiler-bucket-allocator-bucket-count=8"
    "memorysetup-profiler-bucket-allocator-block-size=33554432"
    "memorysetup-profiler-bucket-allocator-block-count=8"
    "memorysetup-profiler-allocator-block-size=16777216"
    "memorysetup-profiler-editor-allocator-block-size=1048576"
    "memorysetup-temp-allocator-size-main=16777216"
    "memorysetup-job-temp-allocator-block-size=2097152"
    "memorysetup-job-temp-allocator-block-size-background=1048576"
    "memorysetup-job-temp-allocator-reduction-small-platforms=262144"
    "memorysetup-allocator-temp-initial-block-size-main=262144"
    "memorysetup-allocator-temp-initial-block-size-worker=262144"
    "memorysetup-temp-allocator-size-background-worker=32768"
    "memorysetup-temp-allocator-size-job-worker=262144"
    "memorysetup-temp-allocator-size-preload-manager=33554432"
    "memorysetup-temp-allocator-size-nav-mesh-worker=65536"
    "memorysetup-temp-allocator-size-audio-worker=65536"
    "memorysetup-temp-allocator-size-cloud-worker=32768"
    "memorysetup-temp-allocator-size-gi-baking-worker=262144"
    "memorysetup-temp-allocator-size-gfx=262144"
Player connection [20844] Host "[IP] 192.168.1.199 [Port] 0 [Flags] 2 [Guid] 3737001760 [EditorId] 3737001760 [Version] 1048832 [Id] WindowsEditor(7,DESKTOP-3G5QOPG) [Debug] 1 [PackageName] WindowsEditor [ProjectName] Editor" joined multi-casting on [225.0.0.222:54997]...

Player connection [20844] Host "[IP] 192.168.1.199 [Port] 0 [Flags] 2 [Guid] 3737001760 [EditorId] 3737001760 [Version] 1048832 [Id] WindowsEditor(7,DESKTOP-3G5QOPG) [Debug] 1 [PackageName] WindowsEditor [ProjectName] Editor" joined alternative multi-casting on [225.0.0.222:34997]...

[Physics::Module] Initialized MultithreadedJobDispatcher with 15 workers.
Refreshing native plugins compatible for Editor in 276.67 ms, found 3 plugins.
Preloading 0 native plugins for Editor in 0.00 ms.
Initialize engine version: 2022.3.20f1 (61c2feb0970d)
[Subsystems] Discovering subsystems at path C:/Program Files/Unity/Hub/Editor/2022.3.20f1/Editor/Data/Resources/UnitySubsystems
[Subsystems] Discovering subsystems at path C:/Users/user/OneDrive/Lovesick-Demos/Assets
GfxDevice: creating device client; threaded=0; jobified=0
Direct3D:
    Version:  Direct3D 11.0 [level 11.1]
    Renderer: Intel(R) Iris(R) Xe Graphics (ID=0x46a6)
    Vendor:   Intel
    VRAM:     3909 MB
    Driver:   31.0.101.3616
Initialize mono
Mono path[0] = 'C:/Program Files/Unity/Hub/Editor/2022.3.20f1/Editor/Data/Managed'
Mono path[1] = 'C:/Program Files/Unity/Hub/Editor/2022.3.20f1/Editor/Data/MonoBleedingEdge/lib/mono/unityjit-win32'
Mono config path = 'C:/Program Files/Unity/Hub/Editor/2022.3.20f1/Editor/Data/MonoBleedingEdge/etc'
Using monoOptions --debugger-agent=transport=dt_socket,embedding=1,server=y,suspend=n,address=127.0.0.1:56756
Begin MonoManager ReloadAssembly
Registering precompiled unity dll's ...
Register platform support module: C:/Program Files/Unity/Hub/Editor/2022.3.20f1/Editor/Data/PlaybackEngines/WebGLSupport/UnityEditor.WebGL.Extensions.dll
Register platform support module: C:/Program Files/Unity/Hub/Editor/2022.3.20f1/Editor/Data/PlaybackEngines/WindowsStandaloneSupport/UnityEditor.WindowsStandalone.Extensions.dll
Registered in 0.011153 seconds.
- Loaded All Assemblies, in  0.671 seconds
Native extension for WindowsStandalone target not found
Native extension for WebGL target not found
Mono: successfully reloaded assembly
- Finished resetting the current domain, in  0.489 seconds
Domain Reload Profiling: 1158ms
	BeginReloadAssembly (182ms)
		ExecutionOrderSort (0ms)
		DisableScriptedObjects (0ms)
		BackupInstance (0ms)
		ReleaseScriptingObjects (0ms)
		CreateAndSetChildDomain (1ms)
	RebuildCommonClasses (55ms)
	RebuildNativeTypeToScriptingClass (15ms)
	initialDomainReloadingComplete (106ms)
	LoadAllAssembliesAndSetupDomain (310ms)
		LoadAssemblies (178ms)
		RebuildTransferFunctionScriptingTraits (0ms)
		AnalyzeDomain (306ms)
			TypeCache.Refresh (301ms)
				TypeCache.ScanAssembly (265ms)
			ScanForSourceGeneratedMonoScriptInfo (2ms)
			ResolveRequiredComponents (2ms)
	FinalizeReload (490ms)
		ReleaseScriptCaches (0ms)
		RebuildScriptCaches (0ms)
		SetupLoadedEditorAssemblies (386ms)
			LogAssemblyErrors (0ms)
			InitializePlatformSupportModulesInManaged (21ms)
			SetLoadedEditorAssemblies (13ms)
			RefreshPlugins (0ms)
			BeforeProcessingInitializeOnLoad (5ms)
			ProcessInitializeOnLoadAttributes (251ms)
			ProcessInitializeOnLoadMethodAttributes (95ms)
			AfterProcessingInitializeOnLoad (0ms)
			EditorAssembliesLoaded (0ms)
		ExecutionOrderSort2 (0ms)
		AwakeInstancesAfterBackupRestoration (0ms)
========================================================================
Worker process is ready to serve import requests
Begin MonoManager ReloadAssembly
- Loaded All Assemblies, in  1.178 seconds
Refreshing native plugins compatible for Editor in 7.14 ms, found 3 plugins.
Native extension for WindowsStandalone target not found
Native extension for WebGL target not found
Package Manager log level set to [2]
[Package Manager] Server::EnsureServerProcessIsRunning -- launch failed, reason: Unity was launched with the -noUpm command-line argument
[Package Manager] UpmClient::Send -- Unable to send message (not connected to UPM process).
[Package Manager] Cannot connect to Unity Package Manager local server
Mono: successfully reloaded assembly
- Finished resetting the current domain, in  1.318 seconds
Domain Reload Profiling: 2493ms
	BeginReloadAssembly (252ms)
		ExecutionOrderSort (0ms)
		DisableScriptedObjects (8ms)
		BackupInstance (0ms)
		ReleaseScriptingObjects (0ms)
		CreateAndSetChildDomain (30ms)
	RebuildCommonClasses (46ms)
	RebuildNativeTypeToScriptingClass (14ms)
	initialDomainReloadingComplete (76ms)
	LoadAllAssembliesAndSetupDomain (787ms)
		LoadAssemblies (624ms)
		RebuildTransferFunctionScriptingTraits (0ms)
		AnalyzeDomain (326ms)
			TypeCache.Refresh (282ms)
				TypeCache.ScanAssembly (255ms)
			ScanForSourceGeneratedMonoScriptInfo (33ms)
			ResolveRequiredComponents (7ms)
	FinalizeReload (1319ms)
		ReleaseScriptCaches (0ms)
		RebuildScriptCaches (0ms)
		SetupLoadedEditorAssemblies (1010ms)
			LogAssemblyErrors (0ms)
			InitializePlatformSupportModulesInManaged (14ms)
			SetLoadedEditorAssemblies (8ms)
			RefreshPlugins (0ms)
			BeforeProcessingInitializeOnLoad (126ms)
			ProcessInitializeOnLoadAttributes (797ms)
			ProcessInitializeOnLoadMethodAttributes (48ms)
			AfterProcessingInitializeOnLoad (17ms)
			EditorAssembliesLoaded (0ms)
		ExecutionOrderSort2 (0ms)
		AwakeInstancesAfterBackupRestoration (13ms)
Launched and connected shader compiler UnityShaderCompiler.exe after 0.15 seconds
Refreshing native plugins compatible for Editor in 7.07 ms, found 3 plugins.
Preloading 0 native plugins for Editor in 0.00 ms.
Unloading 3846 Unused Serialized files (Serialized files now loaded: 0)
Unloading 63 unused Assets / (1.9 MB). Loaded Objects now: 4295.
Memory consumption went from 163.4 MB to 161.5 MB.
Total: 7.288000 ms (FindLiveObjects: 0.416700 ms CreateObjectMapping: 0.181300 ms MarkObjects: 5.860300 ms  DeleteObjects: 0.827900 ms)

AssetImportParameters requested are different than current active one (requested -> active):
  custom:container-demuxer-ogg: 62fdf1f143b41e24485cea50d1cbac27 -> 
  custom:video-codec-MediaFoundation-h265: 746d11721c4dcdbdad8f713fa42b33f4 -> 
  custom:video-decoder-ogg-theora: a1e56fd34408186e4bbccfd4996cb3dc -> 
  custom:framework-win-MediaFoundation: 216162199b28c13a410421893ffa2e32 -> 
  custom:CustomObjectIndexerAttribute: 6d391050e5a25f67b0a2c618074f2cd9 -> 
  custom:container-demuxer-webm: 4f35f7cbe854078d1ac9338744f61a02 -> 
  custom:container-muxer-webm: aa71ff27fc2769a1b78a27578f13a17b -> 
  custom:video-decoder-webm-vp8: 9c59270c3fd7afecdb556c50c9e8de78 -> 
  custom:SearchIndexIgnoredProperties: e643bd26f0fe6173181afceb89e7c659 -> 
  custom:AudioImporter_EditorPlatform: d09bf68614088b80899f8185d706f6e7 -> 
  custom:video-encoder-webm-vp8: eb34c28f22e8b96e1ab97ce403110664 -> 
  custom:audio-decoder-ogg-vorbis: bf7c407c2cedff20999df2af8eb42d56 -> 
  custom:audio-encoder-webm-vorbis: bf7c407c2cedff20999df2af8eb42d56 -> 
========================================================================
Received Import Request.
  Time since last request: 565826.201612 seconds.
  path: Assets/Font/FeFCit2.ttf
  artifactKey: Guid(d3879ef149a464c4887834c4c9f1fe10) Importer(815301076,1909f56bfc062723c751e8b465ee728b)
Start importing Assets/Font/FeFCit2.ttf using Guid(d3879ef149a464c4887834c4c9f1fe10) Importer(815301076,1909f56bfc062723c751e8b465ee728b)  -> (artifact id: '3c9583a3ce98d258a176edfb40bed106') in 0.295985 seconds
Number of updated asset objects reloaded before import = 0
Number of asset objects unloaded after import = 4
========================================================================
Received Import Request.
  Time since last request: 0.000074 seconds.
  path: Assets/Font/BlanksscriptpersonaluseBdit-jEM6O.otf
  artifactKey: Guid(f212a7b842e4d0e48b8c7f1aca2311bb) Importer(815301076,1909f56bfc062723c751e8b465ee728b)
Start importing Assets/Font/BlanksscriptpersonaluseBdit-jEM6O.otf using Guid(f212a7b842e4d0e48b8c7f1aca2311bb) Importer(815301076,1909f56bfc062723c751e8b465ee728b)  -> (artifact id: '1396be29a6b7d0d9fb05f429d43a7a79') in 0.016475 seconds
Number of updated asset objects reloaded before import = 0
Number of asset objects unloaded after import = 4
========================================================================
Received Import Request.
  Time since last request: 0.000130 seconds.
  path: Assets/Font/FeFCit2 SDF.asset
  artifactKey: Guid(837fca0b81abbc74c84fbe5cfc024f83) Importer(815301076,1909f56bfc062723c751e8b465ee728b)
Start importing Assets/Font/FeFCit2 SDF.asset using Guid(837fca0b81abbc74c84fbe5cfc024f83) Importer(815301076,1909f56bfc062723c751e8b465ee728b)  -> (artifact id: 'b90a22fe3310be5395b50ba98956038f') in 0.051120 seconds
Number of updated asset objects reloaded before import = 0
Number of asset objects unloaded after import = 5
========================================================================
Received Import Request.
  Time since last request: 0.000025 seconds.
  path: Assets/ProBuilder Data/Default Material Palette.asset
  artifactKey: Guid(00345c63541106a42b54e362203ac29f) Importer(815301076,1909f56bfc062723c751e8b465ee728b)
Start importing Assets/ProBuilder Data/Default Material Palette.asset using Guid(00345c63541106a42b54e362203ac29f) Importer(815301076,1909f56bfc062723c751e8b465ee728b)  -> (artifact id: '5ec499838347ab5952db1cba0d28a120') in 0.005034 seconds
Number of updated asset objects reloaded before import = 0
Number of asset objects unloaded after import = 2
========================================================================
Received Import Request.
  Time since last request: 0.000059 seconds.
  path: Assets/Font/EmotionalRescuePersonalUseRegular-PKY87.ttf
  artifactKey: Guid(3fe3aa02db0722e4dbb2390106eb2f10) Importer(815301076,1909f56bfc062723c751e8b465ee728b)
Start importing Assets/Font/EmotionalRescuePersonalUseRegular-PKY87.ttf using Guid(3fe3aa02db0722e4dbb2390106eb2f10) Importer(815301076,1909f56bfc062723c751e8b465ee728b)  -> (artifact id: 'd9a3da68d87679122c4952a883638329') in 0.027684 seconds
Number of updated asset objects reloaded before import = 0
Number of asset objects unloaded after import = 4
========================================================================
Received Import Request.
  Time since last request: 75.813628 seconds.
  path: Assets/Pictures/adadadadadadadadadadadddad.PNG
  artifactKey: Guid(b0c92550f57682a41818b51e58918d38) Importer(815301076,1909f56bfc062723c751e8b465ee728b)
Start importing Assets/Pictures/adadadadadadadadadadadddad.PNG using Guid(b0c92550f57682a41818b51e58918d38) Importer(815301076,1909f56bfc062723c751e8b465ee728b)  -> (artifact id: '9cb21a70d5f91f0f819506e14e462e9d') in 0.075323 seconds
Number of updated asset objects reloaded before import = 0
Number of asset objects unloaded after import = 2
========================================================================
Received Import Request.
  Time since last request: 0.000053 seconds.
  path: Assets/Pictures/trtrtrtrtrtr.PNG
  artifactKey: Guid(0112e29badbb19443a27ad17d1fad78b) Importer(815301076,1909f56bfc062723c751e8b465ee728b)
Start importing Assets/Pictures/trtrtrtrtrtr.PNG using Guid(0112e29badbb19443a27ad17d1fad78b) Importer(815301076,1909f56bfc062723c751e8b465ee728b)  -> (artifact id: '04e9d83312babe825dbe903772e7899c') in 0.043433 seconds
Number of updated asset objects reloaded before import = 0
Number of asset objects unloaded after import = 2
========================================================================
Received Import Request.
  Time since last request: 0.000046 seconds.
  path: Assets/Pictures/ereererererere.PNG
  artifactKey: Guid(d13c41c420da856498e00f17680378d0) Importer(815301076,1909f56bfc062723c751e8b465ee728b)
Start importing Assets/Pictures/ereererererere.PNG using Guid(d13c41c420da856498e00f17680378d0) Importer(815301076,1909f56bfc062723c751e8b465ee728b)  -> (artifact id: 'd6b031fb4cfcf254b70e31be7ceaab0a') in 0.045135 seconds
Number of updated asset objects reloaded before import = 0
Number of asset objects unloaded after import = 2
========================================================================
Received Import Request.
  Time since last request: 0.000029 seconds.
  path: Assets/Pictures/capsian.PNG
  artifactKey: Guid(7e7aa631f76ff9d448625e3c0aef13cc) Importer(815301076,1909f56bfc062723c751e8b465ee728b)
Start importing Assets/Pictures/capsian.PNG using Guid(7e7aa631f76ff9d448625e3c0aef13cc) Importer(815301076,1909f56bfc062723c751e8b465ee728b)  -> (artifact id: '3b300ae6101594ad84b4b54ade8127f8') in 0.046366 seconds
Number of updated asset objects reloaded before import = 0
Number of asset objects unloaded after import = 2
========================================================================
Received Import Request.
  Time since last request: 0.000034 seconds.
  path: Assets/Pictures/sddssdsdsds.PNG
  artifactKey: Guid(9a9e6bef55a15464e9d09e5aa35a62ac) Importer(815301076,1909f56bfc062723c751e8b465ee728b)
Start importing Assets/Pictures/sddssdsdsds.PNG using Guid(9a9e6bef55a15464e9d09e5aa35a62ac) Importer(815301076,1909f56bfc062723c751e8b465ee728b)  -> (artifact id: 'f122323855f21e88d8dc294626b6389d') in 0.039501 seconds
Number of updated asset objects reloaded before import = 0
Number of asset objects unloaded after import = 2
========================================================================
Received Import Request.
  Time since last request: 0.000050 seconds.
  path: Assets/Pictures/dssssssssssssss.PNG
  artifactKey: Guid(259b39cf02a4bf748ae440fca64a34f3) Importer(815301076,1909f56bfc062723c751e8b465ee728b)
Start importing Assets/Pictures/dssssssssssssss.PNG using Guid(259b39cf02a4bf748ae440fca64a34f3) Importer(815301076,1909f56bfc062723c751e8b465ee728b)  -> (artifact id: '0b892fffcc718ff960b786deb25b0729') in 0.042368 seconds
Number of updated asset objects reloaded before import = 0
Number of asset objects unloaded after import = 2
========================================================================
Received Import Request.
  Time since last request: 3.390213 seconds.
  path: Assets/Materials/New Material.mat
  artifactKey: Guid(9a35d1136306ee24bb26c45b44abddfc) Importer(815301076,1909f56bfc062723c751e8b465ee728b)
Start importing Assets/Materials/New Material.mat using Guid(9a35d1136306ee24bb26c45b44abddfc) Importer(815301076,1909f56bfc062723c751e8b465ee728b)  -> (artifact id: '6b8265a1545b47786e89e767dde848e4') in 0.377695 seconds
Number of updated asset objects reloaded before import = 0
Number of asset objects unloaded after import = 1
========================================================================
Received Import Request.
  Time since last request: 0.000037 seconds.
  path: Assets/Materials/New Material 8.mat
  artifactKey: Guid(574127bb16b887a488fbd61a2ede7ecc) Importer(815301076,1909f56bfc062723c751e8b465ee728b)
Start importing Assets/Materials/New Material 8.mat using Guid(574127bb16b887a488fbd61a2ede7ecc) Importer(815301076,1909f56bfc062723c751e8b465ee728b)  -> (artifact id: '505e80749e09233d9898fb4bd9cc3e2b') in 0.029992 seconds
Number of updated asset objects reloaded before import = 0
Number of asset objects unloaded after import = 1
========================================================================
Received Import Request.
  Time since last request: 0.000053 seconds.
  path: Assets/Materials/New Material 24.mat
  artifactKey: Guid(d980581ddc1d9f544964d6604299289d) Importer(815301076,1909f56bfc062723c751e8b465ee728b)
Start importing Assets/Materials/New Material 24.mat using Guid(d980581ddc1d9f544964d6604299289d) Importer(815301076,1909f56bfc062723c751e8b465ee728b)  -> (artifact id: '325fd98ff77394d5c213262c2a5cfdcb') in 0.153973 seconds
Number of updated asset objects reloaded before import = 0
Number of asset objects unloaded after import = 1
========================================================================
Received Import Request.
  Time since last request: 0.000032 seconds.
  path: Assets/Materials/New Material 22.mat
  artifactKey: Guid(85848cdf4dac58548b5264a2ffbec79a) Importer(815301076,1909f56bfc062723c751e8b465ee728b)
Start importing Assets/Materials/New Material 22.mat using Guid(85848cdf4dac58548b5264a2ffbec79a) Importer(815301076,1909f56bfc062723c751e8b465ee728b)  -> (artifact id: '046e5e15da715f2f852ab1ec87df2609') in 0.031339 seconds
Number of updated asset objects reloaded before import = 0
Number of asset objects unloaded after import = 1
========================================================================
Received Import Request.
  Time since last request: 0.000033 seconds.
  path: Assets/Materials/New Material 23.mat
  artifactKey: Guid(9a1d52547e4e70e4cad869d05c6dac7d) Importer(815301076,1909f56bfc062723c751e8b465ee728b)
Start importing Assets/Materials/New Material 23.mat using Guid(9a1d52547e4e70e4cad869d05c6dac7d) Importer(815301076,1909f56bfc062723c751e8b465ee728b)  -> (artifact id: '9d7412370b552b07289318d624c86f1e') in 0.029920 seconds
Number of updated asset objects reloaded before import = 0
Number of asset objects unloaded after import = 1
========================================================================
Received Import Request.
  Time since last request: 0.000037 seconds.
  path: Assets/Materials/New Material 6.mat
  artifactKey: Guid(36f5ec277f8a9e54a8d50f3b2aa9e46f) Importer(815301076,1909f56bfc062723c751e8b465ee728b)
Start importing Assets/Materials/New Material 6.mat using Guid(36f5ec277f8a9e54a8d50f3b2aa9e46f) Importer(815301076,1909f56bfc062723c751e8b465ee728b)  -> (artifact id: 'ca27d77915a1611f79749b6026e86a20') in 0.026060 seconds
Number of updated asset objects reloaded before import = 0
Number of asset objects unloaded after import = 1
========================================================================
Received Import Request.
  Time since last request: 0.000049 seconds.
  path: Assets/Materials/New Material 31.mat
  artifactKey: Guid(9cd25f73d4546874ebb0de5001281da4) Importer(815301076,1909f56bfc062723c751e8b465ee728b)
Start importing Assets/Materials/New Material 31.mat using Guid(9cd25f73d4546874ebb0de5001281da4) Importer(815301076,1909f56bfc062723c751e8b465ee728b)  -> (artifact id: '10c01920b1a84e849257ca4d3a029f60') in 0.032295 seconds
Number of updated asset objects reloaded before import = 0
Number of asset objects unloaded after import = 1
========================================================================
Received Import Request.
  Time since last request: 0.000042 seconds.
  path: Assets/Materials/New Material 30.mat
  artifactKey: Guid(585bfa0300fe9894eadc2a13ce81cd18) Importer(815301076,1909f56bfc062723c751e8b465ee728b)
Start importing Assets/Materials/New Material 30.mat using Guid(585bfa0300fe9894eadc2a13ce81cd18) Importer(815301076,1909f56bfc062723c751e8b465ee728b)  -> (artifact id: '797947703fded38874f7251a9aa2c1e0') in 0.342332 seconds
Number of updated asset objects reloaded before import = 0
Number of asset objects unloaded after import = 1
========================================================================
Received Import Request.
  Time since last request: 0.000030 seconds.
  path: Assets/Materials/New Material 9.mat
  artifactKey: Guid(e2f64148d3d1d234d9fb8f730d0ff82c) Importer(815301076,1909f56bfc062723c751e8b465ee728b)
Start importing Assets/Materials/New Material 9.mat using Guid(e2f64148d3d1d234d9fb8f730d0ff82c) Importer(815301076,1909f56bfc062723c751e8b465ee728b)  -> (artifact id: '7d3b7a97e42ac7231cc2e90a5db33e2f') in 0.025961 seconds
Number of updated asset objects reloaded before import = 0
Number of asset objects unloaded after import = 1
========================================================================
Received Import Request.
  Time since last request: 0.000119 seconds.
  path: Assets/Materials/New Material 21.mat
  artifactKey: Guid(f02828e36f7a99a4da8c085568ac3ef5) Importer(815301076,1909f56bfc062723c751e8b465ee728b)
Start importing Assets/Materials/New Material 21.mat using Guid(f02828e36f7a99a4da8c085568ac3ef5) Importer(815301076,1909f56bfc062723c751e8b465ee728b)  -> (artifact id: '7c9be2c9a93e5d0f0350387a02ea8ebb') in 0.023779 seconds
Number of updated asset objects reloaded before import = 0
Number of asset objects unloaded after import = 1
========================================================================
Received Import Request.
  Time since last request: 0.000028 seconds.
  path: Assets/Materials/New Material 29.mat
  artifactKey: Guid(1bcaa03698365404aaf00bdd017f8ab4) Importer(815301076,1909f56bfc062723c751e8b465ee728b)
Start importing Assets/Materials/New Material 29.mat using Guid(1bcaa03698365404aaf00bdd017f8ab4) Importer(815301076,1909f56bfc062723c751e8b465ee728b)  -> (artifact id: 'e00506a82ce9248932fde98f62cc8ea5') in 0.026277 seconds
Number of updated asset objects reloaded before import = 0
Number of asset objects unloaded after import = 1
========================================================================
Received Import Request.
  Time since last request: 0.000028 seconds.
  path: Assets/Materials/New Material 7.mat
  artifactKey: Guid(8953dc1764ea2d0419d270b9e09a52ef) Importer(815301076,1909f56bfc062723c751e8b465ee728b)
Start importing Assets/Materials/New Material 7.mat using Guid(8953dc1764ea2d0419d270b9e09a52ef) Importer(815301076,1909f56bfc062723c751e8b465ee728b)  -> (artifact id: 'e09369459c39fd75b10e29a47a719c01') in 0.022006 seconds
Number of updated asset objects reloaded before import = 0
Number of asset objects unloaded after import = 1
========================================================================
Received Import Request.
  Time since last request: 0.000081 seconds.
  path: Assets/Materials/New Material 16.mat
  artifactKey: Guid(ac093a7796acd6349acec1c85ce54dde) Importer(815301076,1909f56bfc062723c751e8b465ee728b)
Start importing Assets/Materials/New Material 16.mat using Guid(ac093a7796acd6349acec1c85ce54dde) Importer(815301076,1909f56bfc062723c751e8b465ee728b)  -> (artifact id: 'e9679b01fa4e950e53d1ed199ae2ae40') in 0.026746 seconds
Number of updated asset objects reloaded before import = 0
Number of asset objects unloaded after import = 1
========================================================================
Received Import Request.
  Time since last request: 0.000203 seconds.
  path: Assets/Materials/New Material 33.mat
  artifactKey: Guid(9b601ed0596f3064db62898702c3fe98) Importer(815301076,1909f56bfc062723c751e8b465ee728b)
Start importing Assets/Materials/New Material 33.mat using Guid(9b601ed0596f3064db62898702c3fe98) Importer(815301076,1909f56bfc062723c751e8b465ee728b)  -> (artifact id: '33fabfff6c5532b340ed1703113e7aea') in 0.025548 seconds
Number of updated asset objects reloaded before import = 0
Number of asset objects unloaded after import = 1
========================================================================
Received Import Request.
  Time since last request: 0.000143 seconds.
  path: Assets/Materials/New Material 25.mat
  artifactKey: Guid(cc86c7352e3f85e42855b10b7d592e39) Importer(815301076,1909f56bfc062723c751e8b465ee728b)
Start importing Assets/Materials/New Material 25.mat using Guid(cc86c7352e3f85e42855b10b7d592e39) Importer(815301076,1909f56bfc062723c751e8b465ee728b)  -> (artifact id: '81703f9285b5e7ab04f8c748752a8ef3') in 0.029461 seconds
Number of updated asset objects reloaded before import = 0
Number of asset objects unloaded after import = 1
========================================================================
Received Import Request.
  Time since last request: 0.000178 seconds.
  path: Assets/Materials/New Material 4.mat
  artifactKey: Guid(369f5ed4a30e69d449230825be5c0774) Importer(815301076,1909f56bfc062723c751e8b465ee728b)
Start importing Assets/Materials/New Material 4.mat using Guid(369f5ed4a30e69d449230825be5c0774) Importer(815301076,1909f56bfc062723c751e8b465ee728b)  -> (artifact id: '158a1b7c665a298c516d4d41e84c495e') in 0.035356 seconds
Number of updated asset objects reloaded before import = 0
Number of asset objects unloaded after import = 1
========================================================================
Received Import Request.
  Time since last request: 0.000048 seconds.
  path: Assets/Materials/New Material 36.mat
  artifactKey: Guid(689b4c99f9c791e40b02ab4e61079c3b) Importer(815301076,1909f56bfc062723c751e8b465ee728b)
Start importing Assets/Materials/New Material 36.mat using Guid(689b4c99f9c791e40b02ab4e61079c3b) Importer(815301076,1909f56bfc062723c751e8b465ee728b)  -> (artifact id: 'dcfce35e49c6985b505c095f22726426') in 0.032427 seconds
Number of updated asset objects reloaded before import = 0
Number of asset objects unloaded after import = 1
========================================================================
Received Import Request.
  Time since last request: 0.000104 seconds.
  path: Assets/Materials/New Material 28.mat
  artifactKey: Guid(72d69769117aef346bd6da9893074f55) Importer(815301076,1909f56bfc062723c751e8b465ee728b)
Start importing Assets/Materials/New Material 28.mat using Guid(72d69769117aef346bd6da9893074f55) Importer(815301076,1909f56bfc062723c751e8b465ee728b)  -> (artifact id: 'ac50a9b00ad29abaa8f2ec0a0b6051e3') in 0.029957 seconds
Number of updated asset objects reloaded before import = 0
Number of asset objects unloaded after import = 1
========================================================================
Received Import Request.
  Time since last request: 0.000036 seconds.
  path: Assets/Materials/New Material 12.mat
  artifactKey: Guid(f18921b33b40b7f4c9c9d71789fe3233) Importer(815301076,1909f56bfc062723c751e8b465ee728b)
Start importing Assets/Materials/New Material 12.mat using Guid(f18921b33b40b7f4c9c9d71789fe3233) Importer(815301076,1909f56bfc062723c751e8b465ee728b)  -> (artifact id: 'dbb8507e9f1dee7609f3999ed3b88fe5') in 0.030033 seconds
Number of updated asset objects reloaded before import = 0
Number of asset objects unloaded after import = 1
========================================================================
Received Import Request.
  Time since last request: 18.176119 seconds.
  path: Assets/Scenes/Demo/Demo 2.unity
  artifactKey: Guid(e8dfca51aa665e8409f1ee16d63ba2d6) Importer(815301076,1909f56bfc062723c751e8b465ee728b)
Start importing Assets/Scenes/Demo/Demo 2.unity using Guid(e8dfca51aa665e8409f1ee16d63ba2d6) Importer(815301076,1909f56bfc062723c751e8b465ee728b)  -> (artifact id: 'b72760bafea88ec865ad9896eb6688fc') in 0.002624 seconds
Number of updated asset objects reloaded before import = 0
Number of asset objects unloaded after import = 0
========================================================================
Received Import Request.
  Time since last request: 29.402586 seconds.
  path: Assets/Scenes/New Scene.unity
  artifactKey: Guid(0db2b6bb308afd34b9c6c8b962e32378) Importer(815301076,1909f56bfc062723c751e8b465ee728b)
Start importing Assets/Scenes/New Scene.unity using Guid(0db2b6bb308afd34b9c6c8b962e32378) Importer(815301076,1909f56bfc062723c751e8b465ee728b)  -> (artifact id: 'f8d34018629ea1d49b96425e9e781b3d') in 0.003291 seconds
Number of updated asset objects reloaded before import = 0
Number of asset objects unloaded after import = 0
========================================================================
Received Import Request.
  Time since last request: 0.628620 seconds.
  path: Assets/Scenes/New Scene 1.unity
  artifactKey: Guid(f0adef3cd763feb44a67ca55bbfd8b0d) Importer(815301076,1909f56bfc062723c751e8b465ee728b)
Start importing Assets/Scenes/New Scene 1.unity using Guid(f0adef3cd763feb44a67ca55bbfd8b0d) Importer(815301076,1909f56bfc062723c751e8b465ee728b)  -> (artifact id: '44aa6210236bcd7ed1668823052683f5') in 0.001732 seconds
Number of updated asset objects reloaded before import = 0
Number of asset objects unloaded after import = 0
========================================================================
Received Import Request.
  Time since last request: 36.292835 seconds.
  path: Assets/Materials/New Material 37.mat
  artifactKey: Guid(6df4bc9e00fa90b4db2e00992859f6c6) Importer(815301076,1909f56bfc062723c751e8b465ee728b)
Start importing Assets/Materials/New Material 37.mat using Guid(6df4bc9e00fa90b4db2e00992859f6c6) Importer(815301076,1909f56bfc062723c751e8b465ee728b)  -> (artifact id: 'a3c763dce471765549880a77eb49541a') in 0.093018 seconds
Number of updated asset objects reloaded before import = 0
Number of asset objects unloaded after import = 1
========================================================================
Received Import Request.
  Time since last request: 0.000041 seconds.
  path: Assets/Materials/New Material 51.mat
  artifactKey: Guid(49fe9a520a0da474bbc8696bf39f370e) Importer(815301076,1909f56bfc062723c751e8b465ee728b)
Start importing Assets/Materials/New Material 51.mat using Guid(49fe9a520a0da474bbc8696bf39f370e) Importer(815301076,1909f56bfc062723c751e8b465ee728b)  -> (artifact id: 'd03e507d3ca04dcf1611b880ee420352') in 0.030095 seconds
Number of updated asset objects reloaded before import = 0
Number of asset objects unloaded after import = 1
========================================================================
Received Import Request.
  Time since last request: 0.000046 seconds.
  path: Assets/Materials/New Material 54.mat
  artifactKey: Guid(1ab65709133a0234b8d443b553980618) Importer(815301076,1909f56bfc062723c751e8b465ee728b)
Start importing Assets/Materials/New Material 54.mat using Guid(1ab65709133a0234b8d443b553980618) Importer(815301076,1909f56bfc062723c751e8b465ee728b)  -> (artifact id: '0b2885a114f5c95de04857c0e8eeaddb') in 0.028170 seconds
Number of updated asset objects reloaded before import = 0
Number of asset objects unloaded after import = 1
========================================================================
Received Import Request.
  Time since last request: 0.000052 seconds.
  path: Assets/Materials/New Material 59.mat
  artifactKey: Guid(f6ca6ea6e5ffbb54f943cfc7c065eaa0) Importer(815301076,1909f56bfc062723c751e8b465ee728b)
Start importing Assets/Materials/New Material 59.mat using Guid(f6ca6ea6e5ffbb54f943cfc7c065eaa0) Importer(815301076,1909f56bfc062723c751e8b465ee728b)  -> (artifact id: '475f546aba03931639f458d4eb0ab8ae') in 0.036715 seconds
Number of updated asset objects reloaded before import = 0
Number of asset objects unloaded after import = 2
========================================================================
Received Import Request.
  Time since last request: 0.000030 seconds.
  path: Assets/Materials/New Material 56.mat
  artifactKey: Guid(099dda2697eb8e14e9e08c23372a3400) Importer(815301076,1909f56bfc062723c751e8b465ee728b)
Start importing Assets/Materials/New Material 56.mat using Guid(099dda2697eb8e14e9e08c23372a3400) Importer(815301076,1909f56bfc062723c751e8b465ee728b)  -> (artifact id: '91fe19167b9cf6836d64ae1c2bacaeb8') in 0.028195 seconds
Number of updated asset objects reloaded before import = 0
Number of asset objects unloaded after import = 1
========================================================================
Received Import Request.
  Time since last request: 0.000030 seconds.
  path: Assets/Materials/New Material 50.mat
  artifactKey: Guid(8c48d8e7093dbed41af654291df23627) Importer(815301076,1909f56bfc062723c751e8b465ee728b)
Start importing Assets/Materials/New Material 50.mat using Guid(8c48d8e7093dbed41af654291df23627) Importer(815301076,1909f56bfc062723c751e8b465ee728b)  -> (artifact id: '33f7f9942c4d4e91a96aa20e8c4ddf46') in 0.031385 seconds
Number of updated asset objects reloaded before import = 0
Number of asset objects unloaded after import = 1
========================================================================
Received Import Request.
  Time since last request: 0.000038 seconds.
  path: Assets/Materials/New Material 42.mat
  artifactKey: Guid(eb69022672b262546ab8c7c70de2367d) Importer(815301076,1909f56bfc062723c751e8b465ee728b)
Start importing Assets/Materials/New Material 42.mat using Guid(eb69022672b262546ab8c7c70de2367d) Importer(815301076,1909f56bfc062723c751e8b465ee728b)  -> (artifact id: '493476c3ad95dac9a3d99b3a8db2f642') in 0.043740 seconds
Number of updated asset objects reloaded before import = 0
Number of asset objects unloaded after import = 1
========================================================================
Received Import Request.
  Time since last request: 0.000070 seconds.
  path: Assets/Materials/New Material 40.mat
  artifactKey: Guid(6a28687bb90f85b4f9c27ff58004dd0e) Importer(815301076,1909f56bfc062723c751e8b465ee728b)
Start importing Assets/Materials/New Material 40.mat using Guid(6a28687bb90f85b4f9c27ff58004dd0e) Importer(815301076,1909f56bfc062723c751e8b465ee728b)  -> (artifact id: '2114b897de31a25e132f1b9768b4f7fa') in 0.031740 seconds
Number of updated asset objects reloaded before import = 0
Number of asset objects unloaded after import = 1
========================================================================
Received Import Request.
  Time since last request: 0.000034 seconds.
  path: Assets/Materials/New Material 47.mat
  artifactKey: Guid(f9e2b6713996c6d41a3f7e1f020f353f) Importer(815301076,1909f56bfc062723c751e8b465ee728b)
Start importing Assets/Materials/New Material 47.mat using Guid(f9e2b6713996c6d41a3f7e1f020f353f) Importer(815301076,1909f56bfc062723c751e8b465ee728b)  -> (artifact id: 'b796f0e569d66d34a7ff0863df75295e') in 0.036564 seconds
Number of updated asset objects reloaded before import = 0
Number of asset objects unloaded after import = 1
========================================================================
Received Import Request.
  Time since last request: 0.000095 seconds.
  path: Assets/Materials/New Material 58.mat
  artifactKey: Guid(e83b8afceb05fdc45b45c830679cebab) Importer(815301076,1909f56bfc062723c751e8b465ee728b)
Start importing Assets/Materials/New Material 58.mat using Guid(e83b8afceb05fdc45b45c830679cebab) Importer(815301076,1909f56bfc062723c751e8b465ee728b)  -> (artifact id: '3417ee3690bd57bb7ffa54b4e10ce395') in 0.029760 seconds
Number of updated asset objects reloaded before import = 0
Number of asset objects unloaded after import = 1
========================================================================
Received Import Request.
  Time since last request: 0.000029 seconds.
  path: Assets/Materials/New Material 55.mat
  artifactKey: Guid(c5352fa2705164843b454e30ec6705f1) Importer(815301076,1909f56bfc062723c751e8b465ee728b)
Start importing Assets/Materials/New Material 55.mat using Guid(c5352fa2705164843b454e30ec6705f1) Importer(815301076,1909f56bfc062723c751e8b465ee728b)  -> (artifact id: '4682a541c31e12f6c0f196647b827d6e') in 0.032504 seconds
Number of updated asset objects reloaded before import = 0
Number of asset objects unloaded after import = 1
========================================================================
Received Import Request.
  Time since last request: 0.000041 seconds.
  path: Assets/Materials/New Material 53.mat
  artifactKey: Guid(29cd715c27b068547a4701038edec00c) Importer(815301076,1909f56bfc062723c751e8b465ee728b)
Start importing Assets/Materials/New Material 53.mat using Guid(29cd715c27b068547a4701038edec00c) Importer(815301076,1909f56bfc062723c751e8b465ee728b)  -> (artifact id: '2385cabd4beb0515629cba102196a1ea') in 0.030704 seconds
Number of updated asset objects reloaded before import = 0
Number of asset objects unloaded after import = 3
========================================================================
Received Import Request.
  Time since last request: 0.000050 seconds.
  path: Assets/Materials/New Material 39.mat
  artifactKey: Guid(94240601d1259e74eb76b34ae521c788) Importer(815301076,1909f56bfc062723c751e8b465ee728b)
Start importing Assets/Materials/New Material 39.mat using Guid(94240601d1259e74eb76b34ae521c788) Importer(815301076,1909f56bfc062723c751e8b465ee728b)  -> (artifact id: '18761cabae2249a35c457ea9f52c734e') in 0.026606 seconds
Number of updated asset objects reloaded before import = 0
Number of asset objects unloaded after import = 1
========================================================================
Received Import Request.
  Time since last request: 251.134835 seconds.
  path: Assets/3Skyboxes/Materials
  artifactKey: Guid(b47946bd4e4c3d045ab2944abc17dee0) Importer(815301076,1909f56bfc062723c751e8b465ee728b)
Start importing Assets/3Skyboxes/Materials using Guid(b47946bd4e4c3d045ab2944abc17dee0) Importer(815301076,1909f56bfc062723c751e8b465ee728b)  -> (artifact id: '6c0dc437b2ada3746fb4d866bc6580ed') in 0.003693 seconds
Number of updated asset objects reloaded before import = 0
Number of asset objects unloaded after import = 0
========================================================================
Received Import Request.
  Time since last request: 0.018600 seconds.
  path: Assets/3Skyboxes/Materials/Skybox_BlueNebular.mat
  artifactKey: Guid(b6a3f8bca2c865243929bac258c89b96) Importer(815301076,1909f56bfc062723c751e8b465ee728b)
Start importing Assets/3Skyboxes/Materials/Skybox_BlueNebular.mat using Guid(b6a3f8bca2c865243929bac258c89b96) Importer(815301076,1909f56bfc062723c751e8b465ee728b)  -> (artifact id: '6e920684820394ffc97eaa69fa353f8e') in 1.739328 seconds
Number of updated asset objects reloaded before import = 0
Number of asset objects unloaded after import = 7
========================================================================
Received Import Request.
  Time since last request: 282.543049 seconds.
  path: Assets/Materials/New Material 46.mat
  artifactKey: Guid(fa4d9fa800b4ba54eb11d5fce6e59a79) Importer(815301076,1909f56bfc062723c751e8b465ee728b)
Start importing Assets/Materials/New Material 46.mat using Guid(fa4d9fa800b4ba54eb11d5fce6e59a79) Importer(815301076,1909f56bfc062723c751e8b465ee728b)  -> (artifact id: '06b40d5bf6821a1426a1ccfa7543843a') in 0.083919 seconds
Number of updated asset objects reloaded before import = 0
Number of asset objects unloaded after import = 3
========================================================================
Received Import Request.
  Time since last request: 286.142951 seconds.
  path: Assets/Materials/New Material 11.mat
  artifactKey: Guid(9d3425c76f84bbd46bdcf37966d58a28) Importer(815301076,1909f56bfc062723c751e8b465ee728b)
Start importing Assets/Materials/New Material 11.mat using Guid(9d3425c76f84bbd46bdcf37966d58a28) Importer(815301076,1909f56bfc062723c751e8b465ee728b)  -> (artifact id: '4882bf5109fdc3a5d21371f5a41f385c') in 0.061945 seconds
Number of updated asset objects reloaded before import = 0
Number of asset objects unloaded after import = 1
========================================================================
Received Import Request.
  Time since last request: 228.176392 seconds.
  path: Assets/Scenes/JamMaking.unity
  artifactKey: Guid(f10d220f23e85aa4e95f5cccf2306528) Importer(815301076,1909f56bfc062723c751e8b465ee728b)
Start importing Assets/Scenes/JamMaking.unity using Guid(f10d220f23e85aa4e95f5cccf2306528) Importer(815301076,1909f56bfc062723c751e8b465ee728b)  -> (artifact id: 'e68aba6b322840d450d391b1677a9469') in 0.016278 seconds
Number of updated asset objects reloaded before import = 0
Number of asset objects unloaded after import = 0
========================================================================
Received Import Request.
  Time since last request: 2.225403 seconds.
  path: Assets/Scenes/MainMap.unity
  artifactKey: Guid(7135327949194ae4d9ce187d11877e95) Importer(815301076,1909f56bfc062723c751e8b465ee728b)
Start importing Assets/Scenes/MainMap.unity using Guid(7135327949194ae4d9ce187d11877e95) Importer(815301076,1909f56bfc062723c751e8b465ee728b)  -> (artifact id: '497f9cb16e7aadc621c0e29b53579ea7') in 0.011585 seconds
Number of updated asset objects reloaded before import = 0
Number of asset objects unloaded after import = 0
========================================================================
Received Import Request.
  Time since last request: 14.110445 seconds.
  path: Assets/Scenes/Hortense House.unity
  artifactKey: Guid(9f4a5c3fd866ef34184ff34875134521) Importer(815301076,1909f56bfc062723c751e8b465ee728b)
Start importing Assets/Scenes/Hortense House.unity using Guid(9f4a5c3fd866ef34184ff34875134521) Importer(815301076,1909f56bfc062723c751e8b465ee728b)  -> (artifact id: 'ede1a9d91225f4bc4a7500c18db48519') in 0.005469 seconds
Number of updated asset objects reloaded before import = 0
Number of asset objects unloaded after import = 0
========================================================================
Received Import Request.
  Time since last request: 35.271684 seconds.
  path: Assets/Scenes/Demo
  artifactKey: Guid(dca4980fbc91db34da5675b47def3958) Importer(815301076,1909f56bfc062723c751e8b465ee728b)
Start importing Assets/Scenes/Demo using Guid(dca4980fbc91db34da5675b47def3958) Importer(815301076,1909f56bfc062723c751e8b465ee728b)  -> (artifact id: '6d98d6bc19931e6a1094edcf3612226f') in 0.019103 seconds
Number of updated asset objects reloaded before import = 0
Number of asset objects unloaded after import = 0
========================================================================
Received Import Request.
  Time since last request: 5.982684 seconds.
  path: Assets/Scenes/Demo/New Scene.unity
  artifactKey: Guid(49a2aea0fb62e204faa1dfb4af3de159) Importer(815301076,1909f56bfc062723c751e8b465ee728b)
Start importing Assets/Scenes/Demo/New Scene.unity using Guid(49a2aea0fb62e204faa1dfb4af3de159) Importer(815301076,1909f56bfc062723c751e8b465ee728b)  -> (artifact id: '5193d41b0370e883247667827de799d6') in 0.001985 seconds
Number of updated asset objects reloaded before import = 0
Number of asset objects unloaded after import = 0
========================================================================
Received Import Request.
  Time since last request: 20.050209 seconds.
  path: Assets/Unity UI Samples/Fonts/Jupiter/Jupiter.ttf
  artifactKey: Guid(7cb2912222469634ba17a77055919ea8) Importer(815301076,1909f56bfc062723c751e8b465ee728b)
Start importing Assets/Unity UI Samples/Fonts/Jupiter/Jupiter.ttf using Guid(7cb2912222469634ba17a77055919ea8) Importer(815301076,1909f56bfc062723c751e8b465ee728b)  -> (artifact id: '76dc8c8905bd817030b166408b5e4967') in 0.221738 seconds
Number of updated asset objects reloaded before import = 0
Number of asset objects unloaded after import = 4
========================================================================
Received Import Request.
  Time since last request: 67.274102 seconds.
  path: Assets/Scenes/Demo/SampleScene 2.unity
  artifactKey: Guid(8e2d42e2e1157df41b70f67232a005b9) Importer(815301076,1909f56bfc062723c751e8b465ee728b)
Start importing Assets/Scenes/Demo/SampleScene 2.unity using Guid(8e2d42e2e1157df41b70f67232a005b9) Importer(815301076,1909f56bfc062723c751e8b465ee728b)  -> (artifact id: '94f575bf273095bea9322c57300e9e7d') in 0.006375 seconds
Number of updated asset objects reloaded before import = 0
Number of asset objects unloaded after import = 0
========================================================================
Received Import Request.
  Time since last request: 5.218977 seconds.
  path: Assets/Scenes/Demo/Dream.unity
  artifactKey: Guid(49a2aea0fb62e204faa1dfb4af3de159) Importer(815301076,1909f56bfc062723c751e8b465ee728b)
Start importing Assets/Scenes/Demo/Dream.unity using Guid(49a2aea0fb62e204faa1dfb4af3de159) Importer(815301076,1909f56bfc062723c751e8b465ee728b)  -> (artifact id: '538a40770774e16543304abcc33f7aa2') in 0.001592 seconds
Number of updated asset objects reloaded before import = 0
Number of asset objects unloaded after import = 0
========================================================================
Received Import Request.
  Time since last request: 61.398745 seconds.
  path: Assets/Scenes/SampleScene 1/LightingData.asset
  artifactKey: Guid(ed1e5ae747a53494e8feb4de618bcb03) Importer(815301076,1909f56bfc062723c751e8b465ee728b)
Start importing Assets/Scenes/SampleScene 1/LightingData.asset using Guid(ed1e5ae747a53494e8feb4de618bcb03) Importer(815301076,1909f56bfc062723c751e8b465ee728b)  -> (artifact id: 'bb21882b43f8c24ea32efe9fbb536c85') in 0.019451 seconds
Number of updated asset objects reloaded before import = 0
Number of asset objects unloaded after import = 2
========================================================================
Received Import Request.
  Time since last request: 0.009335 seconds.
  path: Assets/Scenes/SampleScene 1/ReflectionProbe-0.exr
  artifactKey: Guid(e4a99f8361583d64e9ea2ab702a85e81) Importer(815301076,1909f56bfc062723c751e8b465ee728b)
Start importing Assets/Scenes/SampleScene 1/ReflectionProbe-0.exr using Guid(e4a99f8361583d64e9ea2ab702a85e81) Importer(815301076,1909f56bfc062723c751e8b465ee728b)  -> (artifact id: '0ab68ecf5469924a23f31108537fd64e') in 0.219207 seconds
Number of updated asset objects reloaded before import = 0
Number of asset objects unloaded after import = 1
========================================================================
Received Prepare
Begin MonoManager ReloadAssembly
- Loaded All Assemblies, in  2.257 seconds
Refreshing native plugins compatible for Editor in 9.02 ms, found 3 plugins.
Native extension for WindowsStandalone target not found
Native extension for WebGL target not found
[Package Manager] Server::EnsureServerProcessIsRunning -- launch failed, reason: Unity was launched with the -noUpm command-line argument
[Package Manager] UpmClient::Send -- Unable to send message (not connected to UPM process).
[Package Manager] Cannot connect to Unity Package Manager local server
Mono: successfully reloaded assembly
- Finished resetting the current domain, in  5.639 seconds
Domain Reload Profiling: 7894ms
	BeginReloadAssembly (1017ms)
		ExecutionOrderSort (0ms)
		DisableScriptedObjects (47ms)
		BackupInstance (0ms)
		ReleaseScriptingObjects (3ms)
		CreateAndSetChildDomain (461ms)
	RebuildCommonClasses (77ms)
	RebuildNativeTypeToScriptingClass (20ms)
	initialDomainReloadingComplete (79ms)
	LoadAllAssembliesAndSetupDomain (1062ms)
		LoadAssemblies (1308ms)
		RebuildTransferFunctionScriptingTraits (0ms)
		AnalyzeDomain (37ms)
			TypeCache.Refresh (21ms)
				TypeCache.ScanAssembly (0ms)
			ScanForSourceGeneratedMonoScriptInfo (1ms)
			ResolveRequiredComponents (13ms)
	FinalizeReload (5640ms)
		ReleaseScriptCaches (0ms)
		RebuildScriptCaches (0ms)
		SetupLoadedEditorAssemblies (820ms)
			LogAssemblyErrors (0ms)
			InitializePlatformSupportModulesInManaged (30ms)
			SetLoadedEditorAssemblies (13ms)
			RefreshPlugins (0ms)
			BeforeProcessingInitializeOnLoad (140ms)
			ProcessInitializeOnLoadAttributes (588ms)
			ProcessInitializeOnLoadMethodAttributes (40ms)
			AfterProcessingInitializeOnLoad (8ms)
			EditorAssembliesLoaded (1ms)
		ExecutionOrderSort2 (0ms)
		AwakeInstancesAfterBackupRestoration (11ms)
Refreshing native plugins compatible for Editor in 4.95 ms, found 3 plugins.
Preloading 0 native plugins for Editor in 0.00 ms.
Unloading 3776 Unused Serialized files (Serialized files now loaded: 0)
Unloading 40 unused Assets / (1.9 MB). Loaded Objects now: 4360.
Memory consumption went from 154.3 MB to 152.4 MB.
Total: 8.495000 ms (FindLiveObjects: 0.377100 ms CreateObjectMapping: 0.184100 ms MarkObjects: 7.497300 ms  DeleteObjects: 0.434400 ms)

Prepare: number of updated asset objects reloaded= 0
AssetImportParameters requested are different than current active one (requested -> active):
  custom:container-demuxer-ogg: 62fdf1f143b41e24485cea50d1cbac27 -> 
  custom:video-codec-MediaFoundation-h265: 746d11721c4dcdbdad8f713fa42b33f4 -> 
  custom:video-decoder-ogg-theora: a1e56fd34408186e4bbccfd4996cb3dc -> 
  custom:framework-win-MediaFoundation: 216162199b28c13a410421893ffa2e32 -> 
  custom:CustomObjectIndexerAttribute: 6d391050e5a25f67b0a2c618074f2cd9 -> 
  custom:container-demuxer-webm: 4f35f7cbe854078d1ac9338744f61a02 -> 
  custom:container-muxer-webm: aa71ff27fc2769a1b78a27578f13a17b -> 
  custom:video-decoder-webm-vp8: 9c59270c3fd7afecdb556c50c9e8de78 -> 
  custom:SearchIndexIgnoredProperties: e643bd26f0fe6173181afceb89e7c659 -> 
  custom:AudioImporter_EditorPlatform: d09bf68614088b80899f8185d706f6e7 -> 
  custom:video-encoder-webm-vp8: eb34c28f22e8b96e1ab97ce403110664 -> 
  custom:audio-decoder-ogg-vorbis: bf7c407c2cedff20999df2af8eb42d56 -> 
  custom:audio-encoder-webm-vorbis: bf7c407c2cedff20999df2af8eb42d56 -> 
========================================================================
Received Prepare
Begin MonoManager ReloadAssembly
- Loaded All Assemblies, in  0.673 seconds
Refreshing native plugins compatible for Editor in 3.27 ms, found 3 plugins.
Native extension for WindowsStandalone target not found
Native extension for WebGL target not found
[Package Manager] Server::EnsureServerProcessIsRunning -- launch failed, reason: Unity was launched with the -noUpm command-line argument
[Package Manager] UpmClient::Send -- Unable to send message (not connected to UPM process).
[Package Manager] Cannot connect to Unity Package Manager local server
Mono: successfully reloaded assembly
- Finished resetting the current domain, in  2.585 seconds
Domain Reload Profiling: 3254ms
	BeginReloadAssembly (198ms)
		ExecutionOrderSort (0ms)
		DisableScriptedObjects (6ms)
		BackupInstance (0ms)
		ReleaseScriptingObjects (0ms)
		CreateAndSetChildDomain (44ms)
	RebuildCommonClasses (39ms)
	RebuildNativeTypeToScriptingClass (12ms)
	initialDomainReloadingComplete (36ms)
	LoadAllAssembliesAndSetupDomain (384ms)
		LoadAssemblies (475ms)
		RebuildTransferFunctionScriptingTraits (0ms)
		AnalyzeDomain (17ms)
			TypeCache.Refresh (8ms)
				TypeCache.ScanAssembly (0ms)
			ScanForSourceGeneratedMonoScriptInfo (0ms)
			ResolveRequiredComponents (8ms)
	FinalizeReload (2585ms)
		ReleaseScriptCaches (0ms)
		RebuildScriptCaches (0ms)
		SetupLoadedEditorAssemblies (698ms)
			LogAssemblyErrors (0ms)
			InitializePlatformSupportModulesInManaged (13ms)
			SetLoadedEditorAssemblies (9ms)
			RefreshPlugins (0ms)
			BeforeProcessingInitializeOnLoad (112ms)
			ProcessInitializeOnLoadAttributes (515ms)
			ProcessInitializeOnLoadMethodAttributes (36ms)
			AfterProcessingInitializeOnLoad (11ms)
			EditorAssembliesLoaded (0ms)
		ExecutionOrderSort2 (0ms)
		AwakeInstancesAfterBackupRestoration (10ms)
Refreshing native plugins compatible for Editor in 5.06 ms, found 3 plugins.
Preloading 0 native plugins for Editor in 0.00 ms.
Unloading 3777 Unused Serialized files (Serialized files now loaded: 0)
Unloading 39 unused Assets / (1.9 MB). Loaded Objects now: 4375.
Memory consumption went from 156.5 MB to 154.6 MB.
Total: 4.718000 ms (FindLiveObjects: 0.441900 ms CreateObjectMapping: 0.190800 ms MarkObjects: 3.680300 ms  DeleteObjects: 0.402700 ms)

Prepare: number of updated asset objects reloaded= 0
AssetImportParameters requested are different than current active one (requested -> active):
  custom:container-demuxer-ogg: 62fdf1f143b41e24485cea50d1cbac27 -> 
  custom:video-codec-MediaFoundation-h265: 746d11721c4dcdbdad8f713fa42b33f4 -> 
  custom:video-decoder-ogg-theora: a1e56fd34408186e4bbccfd4996cb3dc -> 
  custom:framework-win-MediaFoundation: 216162199b28c13a410421893ffa2e32 -> 
  custom:CustomObjectIndexerAttribute: 6d391050e5a25f67b0a2c618074f2cd9 -> 
  custom:container-demuxer-webm: 4f35f7cbe854078d1ac9338744f61a02 -> 
  custom:container-muxer-webm: aa71ff27fc2769a1b78a27578f13a17b -> 
  custom:video-decoder-webm-vp8: 9c59270c3fd7afecdb556c50c9e8de78 -> 
  custom:SearchIndexIgnoredProperties: e643bd26f0fe6173181afceb89e7c659 -> 
  custom:AudioImporter_EditorPlatform: d09bf68614088b80899f8185d706f6e7 -> 
  custom:video-encoder-webm-vp8: eb34c28f22e8b96e1ab97ce403110664 -> 
  custom:audio-decoder-ogg-vorbis: bf7c407c2cedff20999df2af8eb42d56 -> 
  custom:audio-encoder-webm-vorbis: bf7c407c2cedff20999df2af8eb42d56 -> 
========================================================================
Received Import Request.
  Time since last request: 105.127546 seconds.
  path: Assets/Scenes/Demo/Move 1.unity
  artifactKey: Guid(ace1a865ec730514dac08560bf6de2e2) Importer(815301076,1909f56bfc062723c751e8b465ee728b)
Start importing Assets/Scenes/Demo/Move 1.unity using Guid(ace1a865ec730514dac08560bf6de2e2) Importer(815301076,1909f56bfc062723c751e8b465ee728b)  -> (artifact id: '9a11174e8e8da71a2f58444db3c24cfa') in 0.014667 seconds
Number of updated asset objects reloaded before import = 0
Number of asset objects unloaded after import = 0
========================================================================
Received Import Request.
  Time since last request: 0.503152 seconds.
  path: Assets/Scenes/Demo/Dream.unity
  artifactKey: Guid(49a2aea0fb62e204faa1dfb4af3de159) Importer(815301076,1909f56bfc062723c751e8b465ee728b)
Start importing Assets/Scenes/Demo/Dream.unity using Guid(49a2aea0fb62e204faa1dfb4af3de159) Importer(815301076,1909f56bfc062723c751e8b465ee728b)  -> (artifact id: 'c40f9bd6d40bc75ad489d93d37d2eb63') in 0.001658 seconds
Number of updated asset objects reloaded before import = 0
Number of asset objects unloaded after import = 0
========================================================================
Received Prepare
Begin MonoManager ReloadAssembly
- Loaded All Assemblies, in  0.819 seconds
Refreshing native plugins compatible for Editor in 7.14 ms, found 3 plugins.
Native extension for WindowsStandalone target not found
Native extension for WebGL target not found
[Package Manager] Server::EnsureServerProcessIsRunning -- launch failed, reason: Unity was launched with the -noUpm command-line argument
[Package Manager] UpmClient::Send -- Unable to send message (not connected to UPM process).
[Package Manager] Cannot connect to Unity Package Manager local server
Mono: successfully reloaded assembly
- Finished resetting the current domain, in  1.862 seconds
Domain Reload Profiling: 2677ms
	BeginReloadAssembly (268ms)
		ExecutionOrderSort (0ms)
		DisableScriptedObjects (7ms)
		BackupInstance (0ms)
		ReleaseScriptingObjects (0ms)
		CreateAndSetChildDomain (62ms)
	RebuildCommonClasses (51ms)
	RebuildNativeTypeToScriptingClass (18ms)
	initialDomainReloadingComplete (65ms)
	LoadAllAssembliesAndSetupDomain (412ms)
		LoadAssemblies (529ms)
		RebuildTransferFunctionScriptingTraits (0ms)
		AnalyzeDomain (26ms)
			TypeCache.Refresh (13ms)
				TypeCache.ScanAssembly (0ms)
			ScanForSourceGeneratedMonoScriptInfo (0ms)
			ResolveRequiredComponents (11ms)
	FinalizeReload (1862ms)
		ReleaseScriptCaches (0ms)
		RebuildScriptCaches (0ms)
		SetupLoadedEditorAssemblies (816ms)
			LogAssemblyErrors (0ms)
			InitializePlatformSupportModulesInManaged (14ms)
			SetLoadedEditorAssemblies (10ms)
			RefreshPlugins (0ms)
			BeforeProcessingInitializeOnLoad (133ms)
			ProcessInitializeOnLoadAttributes (609ms)
			ProcessInitializeOnLoadMethodAttributes (39ms)
			AfterProcessingInitializeOnLoad (10ms)
			EditorAssembliesLoaded (0ms)
		ExecutionOrderSort2 (0ms)
		AwakeInstancesAfterBackupRestoration (12ms)
Refreshing native plugins compatible for Editor in 5.61 ms, found 3 plugins.
Preloading 0 native plugins for Editor in 0.00 ms.
Unloading 3776 Unused Serialized files (Serialized files now loaded: 0)
Unloading 39 unused Assets / (1.9 MB). Loaded Objects now: 4390.
Memory consumption went from 158.2 MB to 156.3 MB.
Total: 7.220800 ms (FindLiveObjects: 0.442000 ms CreateObjectMapping: 0.177000 ms MarkObjects: 5.688000 ms  DeleteObjects: 0.911100 ms)

Prepare: number of updated asset objects reloaded= 0
AssetImportParameters requested are different than current active one (requested -> active):
  custom:container-demuxer-ogg: 62fdf1f143b41e24485cea50d1cbac27 -> 
  custom:video-codec-MediaFoundation-h265: 746d11721c4dcdbdad8f713fa42b33f4 -> 
  custom:video-decoder-ogg-theora: a1e56fd34408186e4bbccfd4996cb3dc -> 
  custom:framework-win-MediaFoundation: 216162199b28c13a410421893ffa2e32 -> 
  custom:CustomObjectIndexerAttribute: 6d391050e5a25f67b0a2c618074f2cd9 -> 
  custom:container-demuxer-webm: 4f35f7cbe854078d1ac9338744f61a02 -> 
  custom:container-muxer-webm: aa71ff27fc2769a1b78a27578f13a17b -> 
  custom:video-decoder-webm-vp8: 9c59270c3fd7afecdb556c50c9e8de78 -> 
  custom:SearchIndexIgnoredProperties: e643bd26f0fe6173181afceb89e7c659 -> 
  custom:AudioImporter_EditorPlatform: d09bf68614088b80899f8185d706f6e7 -> 
  custom:video-encoder-webm-vp8: eb34c28f22e8b96e1ab97ce403110664 -> 
  custom:audio-decoder-ogg-vorbis: bf7c407c2cedff20999df2af8eb42d56 -> 
  custom:audio-encoder-webm-vorbis: bf7c407c2cedff20999df2af8eb42d56 -> 
========================================================================
Received Prepare
Begin MonoManager ReloadAssembly
- Loaded All Assemblies, in  0.806 seconds
Refreshing native plugins compatible for Editor in 5.86 ms, found 3 plugins.
Native extension for WindowsStandalone target not found
Native extension for WebGL target not found
[Package Manager] Server::EnsureServerProcessIsRunning -- launch failed, reason: Unity was launched with the -noUpm command-line argument
[Package Manager] UpmClient::Send -- Unable to send message (not connected to UPM process).
[Package Manager] Cannot connect to Unity Package Manager local server
Mono: successfully reloaded assembly
- Finished resetting the current domain, in  2.811 seconds
Domain Reload Profiling: 3615ms
	BeginReloadAssembly (248ms)
		ExecutionOrderSort (0ms)
		DisableScriptedObjects (6ms)
		BackupInstance (0ms)
		ReleaseScriptingObjects (0ms)
		CreateAndSetChildDomain (55ms)
	RebuildCommonClasses (41ms)
	RebuildNativeTypeToScriptingClass (16ms)
	initialDomainReloadingComplete (45ms)
	LoadAllAssembliesAndSetupDomain (453ms)
		LoadAssemblies (567ms)
		RebuildTransferFunctionScriptingTraits (0ms)
		AnalyzeDomain (30ms)
			TypeCache.Refresh (15ms)
				TypeCache.ScanAssembly (0ms)
			ScanForSourceGeneratedMonoScriptInfo (0ms)
			ResolveRequiredComponents (12ms)
	FinalizeReload (2812ms)
		ReleaseScriptCaches (0ms)
		RebuildScriptCaches (0ms)
		SetupLoadedEditorAssemblies (618ms)
			LogAssemblyErrors (0ms)
			InitializePlatformSupportModulesInManaged (15ms)
			SetLoadedEditorAssemblies (9ms)
			RefreshPlugins (0ms)
			BeforeProcessingInitializeOnLoad (91ms)
			ProcessInitializeOnLoadAttributes (466ms)
			ProcessInitializeOnLoadMethodAttributes (30ms)
			AfterProcessingInitializeOnLoad (8ms)
			EditorAssembliesLoaded (1ms)
		ExecutionOrderSort2 (0ms)
		AwakeInstancesAfterBackupRestoration (8ms)
Refreshing native plugins compatible for Editor in 4.88 ms, found 3 plugins.
Preloading 0 native plugins for Editor in 0.00 ms.
Unloading 3777 Unused Serialized files (Serialized files now loaded: 0)
Unloading 39 unused Assets / (1.9 MB). Loaded Objects now: 4405.
Memory consumption went from 160.4 MB to 158.5 MB.
Total: 10.662600 ms (FindLiveObjects: 3.948500 ms CreateObjectMapping: 0.294200 ms MarkObjects: 5.807900 ms  DeleteObjects: 0.610200 ms)

Prepare: number of updated asset objects reloaded= 0
AssetImportParameters requested are different than current active one (requested -> active):
  custom:container-demuxer-ogg: 62fdf1f143b41e24485cea50d1cbac27 -> 
  custom:video-codec-MediaFoundation-h265: 746d11721c4dcdbdad8f713fa42b33f4 -> 
  custom:video-decoder-ogg-theora: a1e56fd34408186e4bbccfd4996cb3dc -> 
  custom:framework-win-MediaFoundation: 216162199b28c13a410421893ffa2e32 -> 
  custom:CustomObjectIndexerAttribute: 6d391050e5a25f67b0a2c618074f2cd9 -> 
  custom:container-demuxer-webm: 4f35f7cbe854078d1ac9338744f61a02 -> 
  custom:container-muxer-webm: aa71ff27fc2769a1b78a27578f13a17b -> 
  custom:video-decoder-webm-vp8: 9c59270c3fd7afecdb556c50c9e8de78 -> 
  custom:SearchIndexIgnoredProperties: e643bd26f0fe6173181afceb89e7c659 -> 
  custom:AudioImporter_EditorPlatform: d09bf68614088b80899f8185d706f6e7 -> 
  custom:video-encoder-webm-vp8: eb34c28f22e8b96e1ab97ce403110664 -> 
  custom:audio-decoder-ogg-vorbis: bf7c407c2cedff20999df2af8eb42d56 -> 
  custom:audio-encoder-webm-vorbis: bf7c407c2cedff20999df2af8eb42d56 -> 
========================================================================
Received Import Request.
  Time since last request: 139.284695 seconds.
  path: Assets/Scenes/New Scene.unity
  artifactKey: Guid(0db2b6bb308afd34b9c6c8b962e32378) Importer(815301076,1909f56bfc062723c751e8b465ee728b)
Start importing Assets/Scenes/New Scene.unity using Guid(0db2b6bb308afd34b9c6c8b962e32378) Importer(815301076,1909f56bfc062723c751e8b465ee728b)  -> (artifact id: '470d61de539a266f2721d90af8655606') in 0.008792 seconds
Number of updated asset objects reloaded before import = 0
Number of asset objects unloaded after import = 0
========================================================================
Received Import Request.
  Time since last request: 10.413533 seconds.
  path: Assets/Scenes/Map.unity
  artifactKey: Guid(efdf41f3284fecd4292c18318135d366) Importer(815301076,1909f56bfc062723c751e8b465ee728b)
Start importing Assets/Scenes/Map.unity using Guid(efdf41f3284fecd4292c18318135d366) Importer(815301076,1909f56bfc062723c751e8b465ee728b)  -> (artifact id: 'e6b324878e3a7423d934e3db07485c67') in 0.003307 seconds
Number of updated asset objects reloaded before import = 0
Number of asset objects unloaded after import = 0
========================================================================
Received Import Request.
  Time since last request: 1.272117 seconds.
  path: Assets/Scenes/New Scene 1.unity
  artifactKey: Guid(f0adef3cd763feb44a67ca55bbfd8b0d) Importer(815301076,1909f56bfc062723c751e8b465ee728b)
Start importing Assets/Scenes/New Scene 1.unity using Guid(f0adef3cd763feb44a67ca55bbfd8b0d) Importer(815301076,1909f56bfc062723c751e8b465ee728b)  -> (artifact id: 'df9cb5808702f6fd59b4e95cc6cd6524') in 0.002031 seconds
Number of updated asset objects reloaded before import = 0
Number of asset objects unloaded after import = 0
========================================================================
Received Import Request.
  Time since last request: 576.263215 seconds.
  path: Assets/Materials/New Material 60.mat
  artifactKey: Guid(187075645474fb64993a1adf2f6a6012) Importer(815301076,1909f56bfc062723c751e8b465ee728b)
Start importing Assets/Materials/New Material 60.mat using Guid(187075645474fb64993a1adf2f6a6012) Importer(815301076,1909f56bfc062723c751e8b465ee728b)  -> (artifact id: '3370be7804f94fc316c40f0c7610a0e0') in 0.588532 seconds
Number of updated asset objects reloaded before import = 0
Number of asset objects unloaded after import = 2
========================================================================
Received Import Request.
  Time since last request: 522.169328 seconds.
  path: Assets/Materials/New Material 61.mat
  artifactKey: Guid(a7a64c0088a57c9439fc3d8399acf788) Importer(815301076,1909f56bfc062723c751e8b465ee728b)
Start importing Assets/Materials/New Material 61.mat using Guid(a7a64c0088a57c9439fc3d8399acf788) Importer(815301076,1909f56bfc062723c751e8b465ee728b)  -> (artifact id: '97a220941f94124f4b0c0eb2a7260fee') in 0.100679 seconds
Number of updated asset objects reloaded before import = 0
Number of asset objects unloaded after import = 1
========================================================================
Received Import Request.
  Time since last request: 1069.990356 seconds.
  path: Assets/Materials/New Material 61.mat
  artifactKey: Guid(a7a64c0088a57c9439fc3d8399acf788) Importer(815301076,1909f56bfc062723c751e8b465ee728b)
Start importing Assets/Materials/New Material 61.mat using Guid(a7a64c0088a57c9439fc3d8399acf788) Importer(815301076,1909f56bfc062723c751e8b465ee728b)  -> (artifact id: '8d23923d6f6411ff1900b99ff0c1ad6d') in 0.230209 seconds
Number of updated asset objects reloaded before import = 0
Number of asset objects unloaded after import = 1
