Using pre-set license
Built from '2022.3/release' branch; Version is '2022.3.20f1 (61c2feb0970d) revision 6406910'; Using compiler version '192829333'; Build Type 'Release'
OS: 'Windows 11  (10.0.22631) 64bit Core' Language: 'en' Physical Memory: 7818 MB
BatchMode: 1, IsHumanControllingUs: 0, StartBugReporterOnCrash: 0, Is64bit: 1, IsPro: 1

COMMAND LINE ARGUMENTS:
C:\Program Files\Unity\Hub\Editor\2022.3.20f1\Editor\Unity.exe
-adb2
-batchMode
-noUpm
-name
AssetImportWorker1
-projectPath
C:/Users/user/OneDrive/Lovesick-Demos
-logFile
Logs/AssetImportWorker1.log
-srvPort
53998
Successfully changed project path to: C:/Users/user/OneDrive/Lovesick-Demos
C:/Users/user/OneDrive/Lovesick-Demos
[UnityMemory] Configuration Parameters - Can be set up in boot.config
    "memorysetup-bucket-allocator-granularity=16"
    "memorysetup-bucket-allocator-bucket-count=8"
    "memorysetup-bucket-allocator-block-size=33554432"
    "memorysetup-bucket-allocator-block-count=8"
    "memorysetup-main-allocator-block-size=16777216"
    "memorysetup-thread-allocator-block-size=16777216"
    "memorysetup-gfx-main-allocator-block-size=16777216"
    "memorysetup-gfx-thread-allocator-block-size=16777216"
    "memorysetup-cache-allocator-block-size=4194304"
    "memorysetup-typetree-allocator-block-size=2097152"
    "memorysetup-profiler-bucket-allocator-granularity=16"
    "memorysetup-profiler-bucket-allocator-bucket-count=8"
    "memorysetup-profiler-bucket-allocator-block-size=33554432"
    "memorysetup-profiler-bucket-allocator-block-count=8"
    "memorysetup-profiler-allocator-block-size=16777216"
    "memorysetup-profiler-editor-allocator-block-size=1048576"
    "memorysetup-temp-allocator-size-main=16777216"
    "memorysetup-job-temp-allocator-block-size=2097152"
    "memorysetup-job-temp-allocator-block-size-background=1048576"
    "memorysetup-job-temp-allocator-reduction-small-platforms=262144"
    "memorysetup-allocator-temp-initial-block-size-main=262144"
    "memorysetup-allocator-temp-initial-block-size-worker=262144"
    "memorysetup-temp-allocator-size-background-worker=32768"
    "memorysetup-temp-allocator-size-job-worker=262144"
    "memorysetup-temp-allocator-size-preload-manager=33554432"
    "memorysetup-temp-allocator-size-nav-mesh-worker=65536"
    "memorysetup-temp-allocator-size-audio-worker=65536"
    "memorysetup-temp-allocator-size-cloud-worker=32768"
    "memorysetup-temp-allocator-size-gi-baking-worker=262144"
    "memorysetup-temp-allocator-size-gfx=262144"
Player connection [21024] Host "[IP] 192.168.1.199 [Port] 0 [Flags] 2 [Guid] 3975309507 [EditorId] 3975309507 [Version] 1048832 [Id] WindowsEditor(7,DESKTOP-3G5QOPG) [Debug] 1 [PackageName] WindowsEditor [ProjectName] Editor" joined multi-casting on [225.0.0.222:54997]...

Player connection [21024] Host "[IP] 192.168.1.199 [Port] 0 [Flags] 2 [Guid] 3975309507 [EditorId] 3975309507 [Version] 1048832 [Id] WindowsEditor(7,DESKTOP-3G5QOPG) [Debug] 1 [PackageName] WindowsEditor [ProjectName] Editor" joined alternative multi-casting on [225.0.0.222:34997]...

[Physics::Module] Initialized MultithreadedJobDispatcher with 15 workers.
Refreshing native plugins compatible for Editor in 16.63 ms, found 3 plugins.
Preloading 0 native plugins for Editor in 0.00 ms.
Initialize engine version: 2022.3.20f1 (61c2feb0970d)
[Subsystems] Discovering subsystems at path C:/Program Files/Unity/Hub/Editor/2022.3.20f1/Editor/Data/Resources/UnitySubsystems
[Subsystems] Discovering subsystems at path C:/Users/user/OneDrive/Lovesick-Demos/Assets
GfxDevice: creating device client; threaded=0; jobified=0
Direct3D:
    Version:  Direct3D 11.0 [level 11.1]
    Renderer: Intel(R) Iris(R) Xe Graphics (ID=0x46a6)
    Vendor:   Intel
    VRAM:     3909 MB
    Driver:   31.0.101.3616
Initialize mono
Mono path[0] = 'C:/Program Files/Unity/Hub/Editor/2022.3.20f1/Editor/Data/Managed'
Mono path[1] = 'C:/Program Files/Unity/Hub/Editor/2022.3.20f1/Editor/Data/MonoBleedingEdge/lib/mono/unityjit-win32'
Mono config path = 'C:/Program Files/Unity/Hub/Editor/2022.3.20f1/Editor/Data/MonoBleedingEdge/etc'
Using monoOptions --debugger-agent=transport=dt_socket,embedding=1,server=y,suspend=n,address=127.0.0.1:56244
Begin MonoManager ReloadAssembly
Registering precompiled unity dll's ...
Register platform support module: C:/Program Files/Unity/Hub/Editor/2022.3.20f1/Editor/Data/PlaybackEngines/WebGLSupport/UnityEditor.WebGL.Extensions.dll
Register platform support module: C:/Program Files/Unity/Hub/Editor/2022.3.20f1/Editor/Data/PlaybackEngines/WindowsStandaloneSupport/UnityEditor.WindowsStandalone.Extensions.dll
Registered in 0.014659 seconds.
- Loaded All Assemblies, in  0.537 seconds
Native extension for WindowsStandalone target not found
Native extension for WebGL target not found
Mono: successfully reloaded assembly
- Finished resetting the current domain, in  0.391 seconds
Domain Reload Profiling: 926ms
	BeginReloadAssembly (152ms)
		ExecutionOrderSort (0ms)
		DisableScriptedObjects (0ms)
		BackupInstance (0ms)
		ReleaseScriptingObjects (0ms)
		CreateAndSetChildDomain (1ms)
	RebuildCommonClasses (52ms)
	RebuildNativeTypeToScriptingClass (16ms)
	initialDomainReloadingComplete (112ms)
	LoadAllAssembliesAndSetupDomain (202ms)
		LoadAssemblies (149ms)
		RebuildTransferFunctionScriptingTraits (0ms)
		AnalyzeDomain (199ms)
			TypeCache.Refresh (197ms)
				TypeCache.ScanAssembly (176ms)
			ScanForSourceGeneratedMonoScriptInfo (1ms)
			ResolveRequiredComponents (1ms)
	FinalizeReload (392ms)
		ReleaseScriptCaches (0ms)
		RebuildScriptCaches (0ms)
		SetupLoadedEditorAssemblies (311ms)
			LogAssemblyErrors (0ms)
			InitializePlatformSupportModulesInManaged (15ms)
			SetLoadedEditorAssemblies (8ms)
			RefreshPlugins (0ms)
			BeforeProcessingInitializeOnLoad (3ms)
			ProcessInitializeOnLoadAttributes (213ms)
			ProcessInitializeOnLoadMethodAttributes (72ms)
			AfterProcessingInitializeOnLoad (0ms)
			EditorAssembliesLoaded (0ms)
		ExecutionOrderSort2 (0ms)
		AwakeInstancesAfterBackupRestoration (0ms)
========================================================================
Worker process is ready to serve import requests
Begin MonoManager ReloadAssembly
- Loaded All Assemblies, in  1.146 seconds
Refreshing native plugins compatible for Editor in 4.05 ms, found 3 plugins.
Native extension for WindowsStandalone target not found
Native extension for WebGL target not found
Package Manager log level set to [2]
[Package Manager] Server::EnsureServerProcessIsRunning -- launch failed, reason: Unity was launched with the -noUpm command-line argument
[Package Manager] UpmClient::Send -- Unable to send message (not connected to UPM process).
[Package Manager] Cannot connect to Unity Package Manager local server
Mono: successfully reloaded assembly
- Finished resetting the current domain, in  1.024 seconds
Domain Reload Profiling: 2167ms
	BeginReloadAssembly (251ms)
		ExecutionOrderSort (0ms)
		DisableScriptedObjects (10ms)
		BackupInstance (0ms)
		ReleaseScriptingObjects (0ms)
		CreateAndSetChildDomain (38ms)
	RebuildCommonClasses (71ms)
	RebuildNativeTypeToScriptingClass (15ms)
	initialDomainReloadingComplete (96ms)
	LoadAllAssembliesAndSetupDomain (709ms)
		LoadAssemblies (566ms)
		RebuildTransferFunctionScriptingTraits (0ms)
		AnalyzeDomain (294ms)
			TypeCache.Refresh (256ms)
				TypeCache.ScanAssembly (229ms)
			ScanForSourceGeneratedMonoScriptInfo (28ms)
			ResolveRequiredComponents (7ms)
	FinalizeReload (1024ms)
		ReleaseScriptCaches (0ms)
		RebuildScriptCaches (0ms)
		SetupLoadedEditorAssemblies (749ms)
			LogAssemblyErrors (0ms)
			InitializePlatformSupportModulesInManaged (14ms)
			SetLoadedEditorAssemblies (5ms)
			RefreshPlugins (0ms)
			BeforeProcessingInitializeOnLoad (151ms)
			ProcessInitializeOnLoadAttributes (543ms)
			ProcessInitializeOnLoadMethodAttributes (27ms)
			AfterProcessingInitializeOnLoad (9ms)
			EditorAssembliesLoaded (0ms)
		ExecutionOrderSort2 (0ms)
		AwakeInstancesAfterBackupRestoration (9ms)
Launched and connected shader compiler UnityShaderCompiler.exe after 0.08 seconds
Refreshing native plugins compatible for Editor in 4.47 ms, found 3 plugins.
Preloading 0 native plugins for Editor in 0.00 ms.
Unloading 3855 Unused Serialized files (Serialized files now loaded: 0)
Unloading 63 unused Assets / (1.9 MB). Loaded Objects now: 4306.
Memory consumption went from 163.8 MB to 161.9 MB.
Total: 6.368900 ms (FindLiveObjects: 0.339000 ms CreateObjectMapping: 0.146200 ms MarkObjects: 5.128200 ms  DeleteObjects: 0.753900 ms)

AssetImportParameters requested are different than current active one (requested -> active):
  custom:container-demuxer-ogg: 62fdf1f143b41e24485cea50d1cbac27 -> 
  custom:video-codec-MediaFoundation-h265: 746d11721c4dcdbdad8f713fa42b33f4 -> 
  custom:video-decoder-ogg-theora: a1e56fd34408186e4bbccfd4996cb3dc -> 
  custom:framework-win-MediaFoundation: 216162199b28c13a410421893ffa2e32 -> 
  custom:CustomObjectIndexerAttribute: 6d391050e5a25f67b0a2c618074f2cd9 -> 
  custom:container-demuxer-webm: 4f35f7cbe854078d1ac9338744f61a02 -> 
  custom:container-muxer-webm: aa71ff27fc2769a1b78a27578f13a17b -> 
  custom:video-decoder-webm-vp8: 9c59270c3fd7afecdb556c50c9e8de78 -> 
  custom:SearchIndexIgnoredProperties: e643bd26f0fe6173181afceb89e7c659 -> 
  custom:AudioImporter_EditorPlatform: d09bf68614088b80899f8185d706f6e7 -> 
  custom:video-encoder-webm-vp8: eb34c28f22e8b96e1ab97ce403110664 -> 
  custom:audio-decoder-ogg-vorbis: bf7c407c2cedff20999df2af8eb42d56 -> 
  custom:audio-encoder-webm-vorbis: bf7c407c2cedff20999df2af8eb42d56 -> 
========================================================================
Received Import Request.
  Time since last request: 890636.813975 seconds.
  path: Assets/Scenes/Demo/Dream.unity
  artifactKey: Guid(49a2aea0fb62e204faa1dfb4af3de159) Importer(815301076,1909f56bfc062723c751e8b465ee728b)
Start importing Assets/Scenes/Demo/Dream.unity using Guid(49a2aea0fb62e204faa1dfb4af3de159) Importer(815301076,1909f56bfc062723c751e8b465ee728b)  -> (artifact id: '508328709cea169cb5eaed7549ad7dc4') in 0.007264 seconds
Number of updated asset objects reloaded before import = 0
Number of asset objects unloaded after import = 0
========================================================================
Received Import Request.
  Time since last request: 664.414165 seconds.
  path: Assets/LowlyPoly/Stylized Grass Texture/Materials/Stylize_Grass_diffuse.mat
  artifactKey: Guid(516e6f11e8de6624eb6be4bac8c14555) Importer(815301076,1909f56bfc062723c751e8b465ee728b)
Start importing Assets/LowlyPoly/Stylized Grass Texture/Materials/Stylize_Grass_diffuse.mat using Guid(516e6f11e8de6624eb6be4bac8c14555) Importer(815301076,1909f56bfc062723c751e8b465ee728b) 
=================================================================
	Native Crash Reporting
=================================================================
Got a UNKNOWN while executing native code. This usually indicates
a fatal error in the mono runtime or one of the native libraries 
used by your application.
=================================================================

=================================================================
	Managed Stacktrace:
=================================================================
	  at <unknown> <0xffffffff>
	  at UnityEngine.Camera:Render <0x00090>
	  at UnityEditor.PreviewRenderUtility:Render <0x0044a>
	  at UnityEditor.MaterialEditor:DoRenderPreview <0x01b42>
	  at UnityEditor.MaterialEditor:RenderStaticPreview <0x0021a>
	  at UnityEditor.AssetPreviewUpdater:CreatePreview <0x001bd>
	  at UnityEditor.AssetPreviewUpdater:CreatePreviewForAsset <0x00042>
	  at <Module>:runtime_invoke_object_object_object_object <0x0008f>
=================================================================
Received signal SIGSEGV
Obtained 75 stack frames
0x00007fff5ab4b72c (igd10um64xe) OpenAdapter10_2
0x00007fff5ab48a6f (igd10um64xe) OpenAdapter10_2
0x00007fff5ab47ded (igd10um64xe) OpenAdapter10_2
0x00007fff5aac9335 (igd10um64xe) ctlInit
0x00007fff5aada46b (igd10um64xe) ctlInit
0x00007fff5aa8536c (igd10um64xe) ctlInit
0x00007fff5aa852c5 (igd10um64xe) ctlInit
0x00007fff5aa85418 (igd10um64xe) ctlInit
0x00007fff5aaae794 (igd10um64xe) ctlInit
0x00007fff7119d8ff (d3d11) 
0x00007fff7119530d (d3d11) 
0x00007fff711b06c8 (d3d11) EnableFeatureLevelUpgrade
0x00007fff711b15dc (d3d11) EnableFeatureLevelUpgrade
0x00007fff711b2004 (d3d11) EnableFeatureLevelUpgrade
0x00007fff7119914e (d3d11) 
0x00007fff711995b6 (d3d11) 
0x00007fff71199078 (d3d11) 
0x00007ff7acf48855 (Unity) D3D11PixelShader::D3D11PixelShader
0x00007ff7accf2202 (Unity) CreateGpuProgram
0x00007ff7acfee0ca (Unity) GfxDeviceClient::CreateGpuProgram
0x00007ff7acbb23c1 (Unity) ShaderLab::SubProgram::Compile
0x00007ff7ad8b3325 (Unity) FinalizeVariant
0x00007ff7ad8b438c (Unity) GetSubProgramForShaderSnippet
0x00007ff7acbb2add (Unity) ShaderLab::Program::CompileShaderSubProgram
0x00007ff7acbb4305 (Unity) ShaderLab::Program::GetMatchingSubProgram
0x00007ff7acbbaa76 (Unity) ShaderLab::ShaderState::FindSubProgramsToUse
0x00007ff7acbb93c6 (Unity) ShaderLab::ShaderState::ApplyShaderState
0x00007ff7acbaad44 (Unity) ShaderLab::Pass::ApplyPass
0x00007ff7acb4bd2e (Unity) ApplyMaterialPass
0x00007ff7ac8213bd (Unity) BatchRenderer::ApplyShaderPass
0x00007ff7ac827446 (Unity) ForwardRenderLoopJob
0x00007ff7accfeb83 (Unity) GfxDevice::ExecuteAsync
0x00007ff7acff499e (Unity) GfxDeviceClient::ExecuteAsync
0x00007ff7ac82e406 (Unity) ForwardShaderRenderLoop::StartRenderJobs
0x00007ff7ac8293cc (Unity) ForwardShaderRenderLoop::PerformRendering
0x00007ff7ac825187 (Unity) DoForwardShaderRenderLoop
0x00007ff7ac814dc7 (Unity) DoRenderLoop
0x00007ff7ac7d17af (Unity) Camera::DoRender
0x00007ff7ac7d0d45 (Unity) Camera::CustomRender
0x00007ff7ac7e780d (Unity) Camera::StandaloneCustomRender
0x00007ff7ac7e79bb (Unity) Camera::StandaloneRender
0x00007ff7ac7de449 (Unity) CameraScripting::Render
0x00007ff7abdeac0d (Unity) Camera_CUSTOM_Render
0x000002bd0849c961 (Mono JIT Code) (wrapper managed-to-native) UnityEngine.Camera:Render (UnityEngine.Camera)
0x000002bd0849bb8b (Mono JIT Code) UnityEditor.PreviewRenderUtility:Render (bool,bool)
0x000002bd08498663 (Mono JIT Code) UnityEditor.MaterialEditor:DoRenderPreview (UnityEditor.PreviewRenderUtility,bool)
0x000002bd0848295b (Mono JIT Code) UnityEditor.MaterialEditor:RenderStaticPreview (string,UnityEngine.Object[],int,int)
0x000002bd084756de (Mono JIT Code) UnityEditor.AssetPreviewUpdater:CreatePreview (UnityEngine.Object,UnityEngine.Object[],string,int,int)
0x000002bd08475373 (Mono JIT Code) UnityEditor.AssetPreviewUpdater:CreatePreviewForAsset (UnityEngine.Object,UnityEngine.Object[],string)
0x000002bd08475450 (Mono JIT Code) (wrapper runtime-invoke) <Module>:runtime_invoke_object_object_object_object (object,intptr,intptr,intptr)
0x00007ffeea184bfe (mono-2.0-bdwgc) mono_jit_runtime_invoke (at C:/build/output/Unity-Technologies/mono/mono/mini/mini-runtime.c:3445)
0x00007ffeea0bd254 (mono-2.0-bdwgc) do_runtime_invoke (at C:/build/output/Unity-Technologies/mono/mono/metadata/object.c:3068)
0x00007ffeea0bd3cc (mono-2.0-bdwgc) mono_runtime_invoke (at C:/build/output/Unity-Technologies/mono/mono/metadata/object.c:3115)
0x00007ff7acdef514 (Unity) scripting_method_invoke
0x00007ff7acdcd274 (Unity) ScriptingInvocation::Invoke
0x00007ff7ae18d22c (Unity) MonoCreateAssetPreview
0x00007ff7ae18bf64 (Unity) WriteAssetPreviewToFile
0x00007ff7ae18c425 (Unity) WritePreviews
0x00007ff7ae18373f (Unity) PreviewImporter::GenerateAssetData
0x00007ff7ae1cc86b (Unity) ImportToObjects
0x00007ff7ae1cb91c (Unity) ImportAsset
0x00007ff7ae1f07d8 (Unity) AssetImportWorker::Import
0x00007ff7ae257bd2 (Unity) <lambda_183697078dc22ecb201e4599e9982eaf>::operator()
0x00007ff7ae2943d2 (Unity) asio::detail::completion_handler<core::mutable_function<void __cdecl(void)>,asio::io_context::basic_executor_type<std::allocator<void>,0> >::do_complete
0x00007ff7ae28037e (Unity) asio::detail::win_iocp_io_context::do_one
0x00007ff7ae281fe4 (Unity) asio::detail::win_iocp_io_context::run
0x00007ff7ae29277c (Unity) IOService::Run
0x00007ff7ae2662df (Unity) AssetImportWorkerClient::Run
0x00007ff7ae231217 (Unity) RunAssetImportWorkerClientV2
0x00007ff7ae23129b (Unity) RunAssetImporterV2
0x00007ff7ada32591 (Unity) Application::InitializeProject
0x00007ff7adebe2b5 (Unity) WinMain
0x00007ff7af29e0ae (Unity) __scrt_common_main_seh
0x00007fff7a52257d (KERNEL32) BaseThreadInitThunk
0x00007fff7adaaa48 (ntdll) RtlUserThreadStart

